#
# A fatal error has been detected by the Java Runtime Environment:
#
#  SIGSEGV (0xb) at pc=0x00007f8bb2ce2efe, pid=6596, tid=0x00007f8bb0738700
#
# JRE version: OpenJDK Runtime Environment (8.0_152-b01) (build 1.8.0_152-release-915-b01)
# Java VM: OpenJDK 64-Bit Server VM (25.152-b01 mixed mode linux-amd64 compressed oops)
# Problematic frame:
# V  [libjvm.so+0x839efe]  ObjArrayKlass::oop_follow_contents(ParCompactionManager*, oopDesc*)+0x2de
#
# Failed to write core dump. Core dumps have been disabled. To enable core dumping, try "ulimit -c unlimited" before starting Java again
#
# If you would like to submit a bug report, please visit:
#   http://bugreport.java.com/bugreport/crash.jsp
#

---------------  T H R E A D  ---------------

Current thread (0x00007f8bac021800):  GCTaskThread [stack: 0x00007f8bb0638000,0x00007f8bb0739000] [id=6602]

siginfo: si_signo: 11 (SIGSEGV), si_code: 128 (SI_KERNEL), si_addr: 0x0000000000000000

Registers:
RAX=0x0000000000000000, RBX=0x00007f8bac0711b0, RCX=0x0000000000000000, RDX=0x0000000000000001
RSP=0x00007f8bb0737bd0, RBP=0x00007f8bb0737c50, RSI=0x00007f8b9a000000, RDI=0x007ffffffff00000
R8 =0x0000000080000000, R9 =0x0000000000000016, R10=0x00007f8bb337e3e0, R11=0x0000000000000080
R12=0x0000000080000000, R13=0x00000000a0b3be38, R14=0x00000000a0b3bea8, R15=0x00000000a0b3bec8
RIP=0x00007f8bb2ce2efe, EFLAGS=0x0000000000010206, CSGSFS=0x002b000000000033, ERR=0x0000000000000000
  TRAPNO=0x000000000000000d

Top of Stack: (sp=0x00007f8bb0737bd0)
0x00007f8bb0737bd0:   00000000a0b3be38 00007f8bac0711f0
0x00007f8bb0737be0:   0000000000000020 0000000000000020
0x00007f8bb0737bf0:   00007f8bb337e3e0 00007f8bac0711f0
0x00007f8bb0737c00:   00000000a0b3be20 00000001002bbe58
0x00007f8bb0737c10:   00007f8bb337e3e0 0000000000000012
0x00007f8bb0737c20:   00007f8bac0711b0 00007f8bb337a470
0x00007f8bb0737c30:   00007f8bac023da0 00007f8bac0711b0
0x00007f8bb0737c40:   00007f8bac021cd0 00007f8bac021c80
0x00007f8bb0737c50:   00007f8bb0737d20 00007f8bb2d56ad2
0x00007f8bb0737c60:   00007f8bac071270 00007f8bac071240
0x00007f8bb0737c70:   00007f8bac071270 00000000e7757528
0x00007f8bb0737c80:   00007f8bac0711c0 0000000000000000
0x00007f8bb0737c90:   00007f8bac0711f0 00007f8bac0711b0
0x00007f8bb0737ca0:   00000000a050e3d8 00007f8bb2d5e52b
0x00007f8bb0737cb0:   00000000a0b3be38 0000000000000c00
0x00007f8bb0737cc0:   0000000000000000 0000000000000000
0x00007f8bb0737cd0:   0000004200000000 00007f8b54184800
0x00007f8bb0737ce0:   00007f8bb0737d01 00007f8bb0737d01
0x00007f8bb0737cf0:   00007f8bac023d70 00007f8bac021cc0
0x00007f8bb0737d00:   00007f8bac023da0 00007f8bac0711b0
0x00007f8bb0737d10:   00007f8bac021cd0 00007f8bac021c80
0x00007f8bb0737d20:   00007f8bb0737e00 00007f8bb2d3b37c
0x00007f8bb0737d30:   00007f8bb3339cd0 00007f8bb0737d50
0x00007f8bb0737d40:   00000000000003d8 00007f8bac0220a8
0x00007f8bb0737d50:   00007f8bb3339cd0 00007f8bac01f300
0x00007f8bb0737d60:   00007f8bac0711b0 0000000000000000
0x00007f8bb0737d70:   00007f8bb33323e0 00007f8bac021800
0x00007f8bb0737d80:   00007f8bb0737d50 00007f8bb2cbe300
0x00007f8bb0737d90:   00007f8bb3332340 00007f8bac021800
0x00007f8bb0737da0:   00007f8bb0737d50 00007f8bb3332320
0x00007f8bb0737db0:   00007f8bb0737d00 00007f8bb0737d50
0x00007f8bb0737dc0:   00007f8bac01f301 00007f8bac01f330 

Instructions: (pc=0x00007f8bb2ce2efe)
0x00007f8bb2ce2ede:   00 00 00 4c 89 e0 49 2b 02 48 c1 e8 03 48 d3 e8
0x00007f8bb2ce2eee:   48 89 c7 83 e0 3f 48 c1 ef 06 48 89 c1 48 d3 e2
0x00007f8bb2ce2efe:   48 85 14 fe 75 9c 48 8d 05 79 0a 69 00 80 38 00
0x00007f8bb2ce2f0e:   0f 85 7c 02 00 00 49 8b 74 24 08 4c 89 e7 4c 89 

Register to memory mapping:

RAX=0x0000000000000000 is an unknown value
RBX=0x00007f8bac0711b0 is an unknown value
RCX=0x0000000000000000 is an unknown value
RDX=0x0000000000000001 is an unknown value
RSP=0x00007f8bb0737bd0 is an unknown value
RBP=0x00007f8bb0737c50 is an unknown value
RSI=0x00007f8b9a000000 is an unknown value
RDI=0x007ffffffff00000 is an unknown value
R8 =0x0000000080000000 is an unknown value
R9 =0x0000000000000016 is an unknown value
R10=0x00007f8bb337e3e0: <offset 0xed53e0> in /home/alison/android-studio/jre/jre/lib/amd64/server/libjvm.so at 0x00007f8bb24a9000
R11=0x0000000000000080 is an unknown value
R12=0x0000000080000000 is an unknown value
R13=0x00000000a0b3be38 is an oop
[Lorg.codehaus.groovy.util.ComplexKeyHashMap$Entry; 
 - klass: 'org/codehaus/groovy/util/ComplexKeyHashMap$Entry'[]
 - length: 32
R14=0x00000000a0b3bea8 is pointing into object: 0x00000000a0b3be38
[Lorg.codehaus.groovy.util.ComplexKeyHashMap$Entry; 
 - klass: 'org/codehaus/groovy/util/ComplexKeyHashMap$Entry'[]
 - length: 32
R15=0x00000000a0b3bec8 is an oop
org.codehaus.groovy.util.SingleKeyHashMap$Entry 
 - klass: 'org/codehaus/groovy/util/SingleKeyHashMap$Entry'


Stack: [0x00007f8bb0638000,0x00007f8bb0739000],  sp=0x00007f8bb0737bd0,  free space=1022k
Native frames: (J=compiled Java code, j=interpreted, Vv=VM code, C=native code)
V  [libjvm.so+0x839efe]  ObjArrayKlass::oop_follow_contents(ParCompactionManager*, oopDesc*)+0x2de
V  [libjvm.so+0x8adad2]  ParCompactionManager::follow_marking_stacks()+0x402
V  [libjvm.so+0x89237c]  ThreadRootsMarkingTask::do_it(GCTaskManager*, unsigned int)+0x12c
V  [libjvm.so+0x584112]  GCTaskThread::run()+0x162
V  [libjvm.so+0x84e792]  java_start(Thread*)+0xf2


---------------  P R O C E S S  ---------------

Java Threads: ( => current thread )
  0x00007f8b54184800 JavaThread "build operations Thread 2" [_thread_blocked, id=6629, stack(0x00007f8b69cf5000,0x00007f8b69df6000)]
  0x00007f8b54183800 JavaThread "build operations" [_thread_blocked, id=6628, stack(0x00007f8b69df6000,0x00007f8b69ef7000)]
  0x00007f8b544fc800 JavaThread "Cache worker for Artifact transforms cache (/home/alison/.gradle/caches/transforms-1)" [_thread_blocked, id=6627, stack(0x00007f8b6a780000,0x00007f8b6a881000)]
  0x00007f8b541b5000 JavaThread "Cache worker for file hash cache (/home/alison/AndroidStudioProjects/PregnancyApp/.gradle/4.1/fileHashes)" [_thread_blocked, id=6623, stack(0x00007f8b6aef5000,0x00007f8b6aff6000)]
  0x00007f8b54139000 JavaThread "File lock request listener" [_thread_in_native, id=6622, stack(0x00007f8b6b1f6000,0x00007f8b6b2f7000)]
  0x00007f8b5412c800 JavaThread "Cache worker for file hash cache (/home/alison/.gradle/caches/4.1/fileHashes)" [_thread_blocked, id=6621, stack(0x00007f8b6b2f7000,0x00007f8b6b3f8000)]
  0x00007f8b54033800 JavaThread "Stdin handler" [_thread_blocked, id=6620, stack(0x00007f8b6b5f8000,0x00007f8b6b6f9000)]
  0x00007f8b54029800 JavaThread "Asynchronous log dispatcher for DefaultDaemonConnection: socket connection from /127.0.0.1:40621 to /127.0.0.1:60166" [_thread_blocked, id=6619, stack(0x00007f8b6b6f9000,0x00007f8b6b7fa000)]
  0x00007f8b60008000 JavaThread "Daemon worker" [_thread_blocked, id=6616, stack(0x00007f8b6b7fa000,0x00007f8b6b8fb000)]
  0x00007f8b60006800 JavaThread "Cancel handler" [_thread_blocked, id=6615, stack(0x00007f8b6b8fb000,0x00007f8b6b9fc000)]
  0x00007f8b60004000 JavaThread "Handler for socket connection from /127.0.0.1:40621 to /127.0.0.1:60166" [_thread_in_native, id=6614, stack(0x00007f8b6b9fc000,0x00007f8b6bafd000)]
  0x00007f8b64043000 JavaThread "Daemon" [_thread_blocked, id=6613, stack(0x00007f8b6bafd000,0x00007f8b6bbfe000)]
  0x00007f8bacc72800 JavaThread "Daemon periodic checks" [_thread_blocked, id=6612, stack(0x00007f8b6bbfe000,0x00007f8b6bcff000)]
  0x00007f8bacc54800 JavaThread "Incoming local TCP Connector on port 40621" [_thread_in_native, id=6611, stack(0x00007f8b6bcff000,0x00007f8b6be00000)]
  0x00007f8bac0ba000 JavaThread "Service Thread" daemon [_thread_blocked, id=6609, stack(0x00007f8b98518000,0x00007f8b98619000)]
  0x00007f8bac0b7000 JavaThread "C1 CompilerThread1" daemon [_thread_blocked, id=6608, stack(0x00007f8b98619000,0x00007f8b9871a000)]
  0x00007f8bac0b4000 JavaThread "C2 CompilerThread0" daemon [_thread_blocked, id=6607, stack(0x00007f8b9871a000,0x00007f8b9881b000)]
  0x00007f8bac0b2800 JavaThread "Signal Dispatcher" daemon [_thread_blocked, id=6606, stack(0x00007f8b9881b000,0x00007f8b9891c000)]
  0x00007f8bac080000 JavaThread "Finalizer" daemon [_thread_blocked, id=6605, stack(0x00007f8b98bf4000,0x00007f8b98cf5000)]
  0x00007f8bac07b800 JavaThread "Reference Handler" daemon [_thread_blocked, id=6604, stack(0x00007f8b98cf5000,0x00007f8b98df6000)]
  0x00007f8bac00a800 JavaThread "main" [_thread_blocked, id=6600, stack(0x00007f8bb3eb5000,0x00007f8bb3fb6000)]

Other Threads:
  0x00007f8bac074000 VMThread [stack: 0x00007f8b98df6000,0x00007f8b98ef7000] [id=6603]
  0x00007f8bac0bc000 WatcherThread [stack: 0x00007f8b98417000,0x00007f8b98518000] [id=6610]

=>0x00007f8bac021800 (exited) GCTaskThread [stack: 0x00007f8bb0638000,0x00007f8bb0739000] [id=6602]

VM state:at safepoint (normal execution)

VM Mutex/Monitor currently owned by a thread:  ([mutex/lock_event])
[0x00007f8bac006f30] Threads_lock - owner thread: 0x00007f8bac074000
[0x00007f8bac007430] Heap_lock - owner thread: 0x00007f8b60008000

Heap:
 PSYoungGen      total 165888K, used 8074K [0x00000000e0000000, 0x00000000eb880000, 0x0000000100000000)
  eden space 155648K, 0% used [0x00000000e0000000,0x00000000e0000000,0x00000000e9800000)
  from space 10240K, 78% used [0x00000000ea280000,0x00000000eaa629f0,0x00000000eac80000)
  to   space 10752K, 0% used [0x00000000e9800000,0x00000000e9800000,0x00000000ea280000)
 ParOldGen       total 32256K, used 13201K [0x00000000a0000000, 0x00000000a1f80000, 0x00000000e0000000)
  object space 32256K, 40% used [0x00000000a0000000,0x00000000a0ce4580,0x00000000a1f80000)
 Metaspace       used 34588K, capacity 35360K, committed 35416K, reserved 1079296K
  class space    used 4667K, capacity 4960K, committed 4992K, reserved 1048576K

Card table byte_map: [0x00007f8bb0a3a000,0x00007f8bb0d3b000] byte_map_base: 0x00007f8bb053a000

Marking Bits: (ParMarkBitMap*) 0x00007f8bb337e3e0
 Begin Bits: [0x00007f8b9a000000, 0x00007f8b9b800000)
 End Bits:   [0x00007f8b9b800000, 0x00007f8b9d000000)

Polling page: 0x00007f8bb3fd2000

CodeCache: size=245760Kb used=11382Kb max_used=11789Kb free=234377Kb
 bounds [0x00007f8b9d000000, 0x00007f8b9db90000, 0x00007f8bac000000]
 total_blobs=3933 nmethods=3253 adapters=594
 compilation: enabled

Compilation events (10 events):
Event: 19.171 Thread 0x00007f8bac0b7000 3683       3       com.google.common.collect.MapMakerInternalMap$StrongEntry::<init> (27 bytes)
Event: 19.171 Thread 0x00007f8bac0b7000 nmethod 3683 0x00007f8b9dad2a50 code [0x00007f8b9dad2bc0, 0x00007f8b9dad2e10]
Event: 19.174 Thread 0x00007f8bac0b7000 3684       3       java.io.ByteArrayOutputStream::<init> (43 bytes)
Event: 19.175 Thread 0x00007f8bac0b7000 nmethod 3684 0x00007f8b9d899750 code [0x00007f8b9d899940, 0x00007f8b9d89a2b8]
Event: 19.176 Thread 0x00007f8bac0b7000 3685       1       java.util.concurrent.atomic.AtomicInteger::incrementAndGet (14 bytes)
Event: 19.177 Thread 0x00007f8bac0b7000 nmethod 3685 0x00007f8b9da64350 code [0x00007f8b9da644a0, 0x00007f8b9da645b0]
Event: 19.177 Thread 0x00007f8bac0b7000 3686       3       java.io.ByteArrayOutputStream::<init> (7 bytes)
Event: 19.177 Thread 0x00007f8bac0b7000 nmethod 3686 0x00007f8b9dad26d0 code [0x00007f8b9dad2840, 0x00007f8b9dad29c8]
Event: 19.191 Thread 0x00007f8bac0b4000 3687  s    4       java.util.Vector::addElement (38 bytes)
Event: 19.195 Thread 0x00007f8bac0b4000 nmethod 3687 0x00007f8b9dad4910 code [0x00007f8b9dad4a80, 0x00007f8b9dad4e48]

GC Heap History (10 events):
Event: 9.566 GC heap after
Heap after GC invocations=7 (full 0):
 PSYoungGen      total 68608K, used 4533K [0x00000000e0000000, 0x00000000e8500000, 0x0000000100000000)
  eden space 59904K, 0% used [0x00000000e0000000,0x00000000e0000000,0x00000000e3a80000)
  from space 8704K, 52% used [0x00000000e3a80000,0x00000000e3eed4f0,0x00000000e4300000)
  to   space 8192K, 0% used [0x00000000e7d00000,0x00000000e7d00000,0x00000000e8500000)
 ParOldGen       total 40960K, used 8619K [0x00000000a0000000, 0x00000000a2800000, 0x00000000e0000000)
  object space 40960K, 21% used [0x00000000a0000000,0x00000000a086ad68,0x00000000a2800000)
 Metaspace       used 20733K, capacity 21142K, committed 21248K, reserved 1067008K
  class space    used 2879K, capacity 3066K, committed 3072K, reserved 1048576K
}
Event: 9.566 GC heap before
{Heap before GC invocations=8 (full 1):
 PSYoungGen      total 68608K, used 4533K [0x00000000e0000000, 0x00000000e8500000, 0x0000000100000000)
  eden space 59904K, 0% used [0x00000000e0000000,0x00000000e0000000,0x00000000e3a80000)
  from space 8704K, 52% used [0x00000000e3a80000,0x00000000e3eed4f0,0x00000000e4300000)
  to   space 8192K, 0% used [0x00000000e7d00000,0x00000000e7d00000,0x00000000e8500000)
 ParOldGen       total 40960K, used 8619K [0x00000000a0000000, 0x00000000a2800000, 0x00000000e0000000)
  object space 40960K, 21% used [0x00000000a0000000,0x00000000a086ad68,0x00000000a2800000)
 Metaspace       used 20733K, capacity 21142K, committed 21248K, reserved 1067008K
  class space    used 2879K, capacity 3066K, committed 3072K, reserved 1048576K
Event: 9.665 GC heap after
Heap after GC invocations=8 (full 1):
 PSYoungGen      total 68608K, used 0K [0x00000000e0000000, 0x00000000e8500000, 0x0000000100000000)
  eden space 59904K, 0% used [0x00000000e0000000,0x00000000e0000000,0x00000000e3a80000)
  from space 8704K, 0% used [0x00000000e3a80000,0x00000000e3a80000,0x00000000e4300000)
  to   space 8192K, 0% used [0x00000000e7d00000,0x00000000e7d00000,0x00000000e8500000)
 ParOldGen       total 32256K, used 9876K [0x00000000a0000000, 0x00000000a1f80000, 0x00000000e0000000)
  object space 32256K, 30% used [0x00000000a0000000,0x00000000a09a52c8,0x00000000a1f80000)
 Metaspace       used 20733K, capacity 21142K, committed 21248K, reserved 1067008K
  class space    used 2879K, capacity 3066K, committed 3072K, reserved 1048576K
}
Event: 11.595 GC heap before
{Heap before GC invocations=9 (full 1):
 PSYoungGen      total 68608K, used 59904K [0x00000000e0000000, 0x00000000e8500000, 0x0000000100000000)
  eden space 59904K, 100% used [0x00000000e0000000,0x00000000e3a80000,0x00000000e3a80000)
  from space 8704K, 0% used [0x00000000e3a80000,0x00000000e3a80000,0x00000000e4300000)
  to   space 8192K, 0% used [0x00000000e7d00000,0x00000000e7d00000,0x00000000e8500000)
 ParOldGen       total 32256K, used 9876K [0x00000000a0000000, 0x00000000a1f80000, 0x00000000e0000000)
  object space 32256K, 30% used [0x00000000a0000000,0x00000000a09a52c8,0x00000000a1f80000)
 Metaspace       used 25745K, capacity 26284K, committed 26496K, reserved 1073152K
  class space    used 3507K, capacity 3685K, committed 3712K, reserved 1048576K
Event: 11.612 GC heap after
Heap after GC invocations=9 (full 1):
 PSYoungGen      total 113664K, used 5998K [0x00000000e0000000, 0x00000000e8300000, 0x0000000100000000)
  eden space 107520K, 0% used [0x00000000e0000000,0x00000000e0000000,0x00000000e6900000)
  from space 6144K, 97% used [0x00000000e7d00000,0x00000000e82db810,0x00000000e8300000)
  to   space 8704K, 0% used [0x00000000e7200000,0x00000000e7200000,0x00000000e7a80000)
 ParOldGen       total 32256K, used 9884K [0x00000000a0000000, 0x00000000a1f80000, 0x00000000e0000000)
  object space 32256K, 30% used [0x00000000a0000000,0x00000000a09a72c8,0x00000000a1f80000)
 Metaspace       used 25745K, capacity 26284K, committed 26496K, reserved 1073152K
  class space    used 3507K, capacity 3685K, committed 3712K, reserved 1048576K
}
Event: 17.194 GC heap before
{Heap before GC invocations=10 (full 1):
 PSYoungGen      total 113664K, used 113518K [0x00000000e0000000, 0x00000000e8300000, 0x0000000100000000)
  eden space 107520K, 100% used [0x00000000e0000000,0x00000000e6900000,0x00000000e6900000)
  from space 6144K, 97% used [0x00000000e7d00000,0x00000000e82db810,0x00000000e8300000)
  to   space 8704K, 0% used [0x00000000e7200000,0x00000000e7200000,0x00000000e7a80000)
 ParOldGen       total 32256K, used 9884K [0x00000000a0000000, 0x00000000a1f80000, 0x00000000e0000000)
  object space 32256K, 30% used [0x00000000a0000000,0x00000000a09a72c8,0x00000000a1f80000)
 Metaspace       used 31350K, capacity 31976K, committed 32256K, reserved 1077248K
  class space    used 4297K, capacity 4579K, committed 4608K, reserved 1048576K
Event: 17.229 GC heap after
Heap after GC invocations=10 (full 1):
 PSYoungGen      total 125440K, used 8689K [0x00000000e0000000, 0x00000000eac80000, 0x0000000100000000)
  eden space 116736K, 0% used [0x00000000e0000000,0x00000000e0000000,0x00000000e7200000)
  from space 8704K, 99% used [0x00000000e7200000,0x00000000e7a7c6f8,0x00000000e7a80000)
  to   space 10240K, 0% used [0x00000000ea280000,0x00000000ea280000,0x00000000eac80000)
 ParOldGen       total 32256K, used 10776K [0x00000000a0000000, 0x00000000a1f80000, 0x00000000e0000000)
  object space 32256K, 33% used [0x00000000a0000000,0x00000000a0a86270,0x00000000a1f80000)
 Metaspace       used 31350K, capacity 31976K, committed 32256K, reserved 1077248K
  class space    used 4297K, capacity 4579K, committed 4608K, reserved 1048576K
}
Event: 19.210 GC heap before
{Heap before GC invocations=11 (full 1):
 PSYoungGen      total 125440K, used 39776K [0x00000000e0000000, 0x00000000eac80000, 0x0000000100000000)
  eden space 116736K, 26% used [0x00000000e0000000,0x00000000e1e5baa8,0x00000000e7200000)
  from space 8704K, 99% used [0x00000000e7200000,0x00000000e7a7c6f8,0x00000000e7a80000)
  to   space 10240K, 0% used [0x00000000ea280000,0x00000000ea280000,0x00000000eac80000)
 ParOldGen       total 32256K, used 10776K [0x00000000a0000000, 0x00000000a1f80000, 0x00000000e0000000)
  object space 32256K, 33% used [0x00000000a0000000,0x00000000a0a86270,0x00000000a1f80000)
 Metaspace       used 34588K, capacity 35360K, committed 35416K, reserved 1079296K
  class space    used 4667K, capacity 4960K, committed 4992K, reserved 1048576K
Event: 19.233 GC heap after
Heap after GC invocations=11 (full 1):
 PSYoungGen      total 165888K, used 8074K [0x00000000e0000000, 0x00000000eb880000, 0x0000000100000000)
  eden space 155648K, 0% used [0x00000000e0000000,0x00000000e0000000,0x00000000e9800000)
  from space 10240K, 78% used [0x00000000ea280000,0x00000000eaa629f0,0x00000000eac80000)
  to   space 10752K, 0% used [0x00000000e9800000,0x00000000e9800000,0x00000000ea280000)
 ParOldGen       total 32256K, used 13201K [0x00000000a0000000, 0x00000000a1f80000, 0x00000000e0000000)
  object space 32256K, 40% used [0x00000000a0000000,0x00000000a0ce4580,0x00000000a1f80000)
 Metaspace       used 34588K, capacity 35360K, committed 35416K, reserved 1079296K
  class space    used 4667K, capacity 4960K, committed 4992K, reserved 1048576K
}
Event: 19.233 GC heap before
{Heap before GC invocations=12 (full 2):
 PSYoungGen      total 165888K, used 8074K [0x00000000e0000000, 0x00000000eb880000, 0x0000000100000000)
  eden space 155648K, 0% used [0x00000000e0000000,0x00000000e0000000,0x00000000e9800000)
  from space 10240K, 78% used [0x00000000ea280000,0x00000000eaa629f0,0x00000000eac80000)
  to   space 10752K, 0% used [0x00000000e9800000,0x00000000e9800000,0x00000000ea280000)
 ParOldGen       total 32256K, used 13201K [0x00000000a0000000, 0x00000000a1f80000, 0x00000000e0000000)
  object space 32256K, 40% used [0x00000000a0000000,0x00000000a0ce4580,0x00000000a1f80000)
 Metaspace       used 34588K, capacity 35360K, committed 35416K, reserved 1079296K
  class space    used 4667K, capacity 4960K, committed 4992K, reserved 1048576K

Deoptimization events (10 events):
Event: 18.483 Thread 0x00007f8b60008000 Uncommon trap: reason=class_check action=maybe_recompile pc=0x00007f8b9daced44 method=java.util.Hashtable.get(Ljava/lang/Object;)Ljava/lang/Object; @ 6
Event: 18.487 Thread 0x00007f8b60008000 Uncommon trap: reason=class_check action=maybe_recompile pc=0x00007f8b9daced44 method=java.util.Hashtable.get(Ljava/lang/Object;)Ljava/lang/Object; @ 6
Event: 19.061 Thread 0x00007f8b60008000 Uncommon trap: reason=class_check action=maybe_recompile pc=0x00007f8b9d9ff5fc method=java.util.regex.Matcher.search(I)Z @ 86
Event: 19.061 Thread 0x00007f8b60008000 Uncommon trap: reason=class_check action=maybe_recompile pc=0x00007f8b9d9ff5fc method=java.util.regex.Matcher.search(I)Z @ 86
Event: 19.061 Thread 0x00007f8b60008000 Uncommon trap: reason=class_check action=maybe_recompile pc=0x00007f8b9d9ff5fc method=java.util.regex.Matcher.search(I)Z @ 86
Event: 19.061 Thread 0x00007f8b60008000 Uncommon trap: reason=class_check action=maybe_recompile pc=0x00007f8b9d9ff5fc method=java.util.regex.Matcher.search(I)Z @ 86
Event: 19.067 Thread 0x00007f8b60008000 Uncommon trap: reason=class_check action=maybe_recompile pc=0x00007f8b9d15aee8 method=java.lang.String.equals(Ljava/lang/Object;)Z @ 8
Event: 19.067 Thread 0x00007f8b60008000 Uncommon trap: reason=class_check action=maybe_recompile pc=0x00007f8b9d15aee8 method=java.lang.String.equals(Ljava/lang/Object;)Z @ 8
Event: 19.067 Thread 0x00007f8b60008000 Uncommon trap: reason=class_check action=maybe_recompile pc=0x00007f8b9d15aee8 method=java.lang.String.equals(Ljava/lang/Object;)Z @ 8
Event: 19.067 Thread 0x00007f8b60008000 Uncommon trap: reason=class_check action=maybe_recompile pc=0x00007f8b9d15aee8 method=java.lang.String.equals(Ljava/lang/Object;)Z @ 8

Classes redefined (0 events):
No events

Internal exceptions (10 events):
Event: 18.053 Thread 0x00007f8b60008000 Exception <a 'java/lang/ClassNotFoundException': org/gradle/api/internal/ConventionTaskBeanInfo> (0x00000000e069dbe8) thrown at [/ssd/Android/AOSP-openjdk-git/jdk8u/hotspot/src/share/vm/classfile/systemDictionary.cpp, line 210]
Event: 18.053 Thread 0x00007f8b60008000 Exception <a 'java/lang/ClassNotFoundException': org/gradle/api/DefaultTaskBeanInfo> (0x00000000e06be540) thrown at [/ssd/Android/AOSP-openjdk-git/jdk8u/hotspot/src/share/vm/classfile/systemDictionary.cpp, line 210]
Event: 18.054 Thread 0x00007f8b60008000 Exception <a 'java/lang/ClassNotFoundException': org/gradle/api/internal/AbstractTaskBeanInfo> (0x00000000e06e4780) thrown at [/ssd/Android/AOSP-openjdk-git/jdk8u/hotspot/src/share/vm/classfile/systemDictionary.cpp, line 210]
Event: 18.055 Thread 0x00007f8b60008000 Exception <a 'java/lang/ClassNotFoundException': org/gradle/api/internal/AbstractTaskCustomizer> (0x00000000e070b438) thrown at [/ssd/Android/AOSP-openjdk-git/jdk8u/hotspot/src/share/vm/classfile/systemDictionary.cpp, line 210]
Event: 18.059 Thread 0x00007f8b60008000 Exception <a 'java/lang/ClassNotFoundException': org/gradle/api/DefaultTaskCustomizer> (0x00000000e078bfc0) thrown at [/ssd/Android/AOSP-openjdk-git/jdk8u/hotspot/src/share/vm/classfile/systemDictionary.cpp, line 210]
Event: 18.060 Thread 0x00007f8b60008000 Exception <a 'java/lang/ClassNotFoundException': org/gradle/api/internal/ConventionTaskCustomizer> (0x00000000e07c1ed0) thrown at [/ssd/Android/AOSP-openjdk-git/jdk8u/hotspot/src/share/vm/classfile/systemDictionary.cpp, line 210]
Event: 18.062 Thread 0x00007f8b60008000 Exception <a 'java/lang/ClassNotFoundException': org/gradle/api/tasks/DeleteCustomizer> (0x00000000e07f65e8) thrown at [/ssd/Android/AOSP-openjdk-git/jdk8u/hotspot/src/share/vm/classfile/systemDictionary.cpp, line 210]
Event: 18.064 Thread 0x00007f8b60008000 Exception <a 'java/lang/ClassNotFoundException': org/gradle/api/tasks/Delete_DecoratedCustomizer> (0x00000000e08383d0) thrown at [/ssd/Android/AOSP-openjdk-git/jdk8u/hotspot/src/share/vm/classfile/systemDictionary.cpp, line 210]
Event: 19.096 Thread 0x00007f8b60008000 Exception <a 'java/lang/ClassNotFoundException': build_3c8li4rd6aajenljelvolmuvyBeanInfo> (0x00000000e1c936d8) thrown at [/ssd/Android/AOSP-openjdk-git/jdk8u/hotspot/src/share/vm/classfile/systemDictionary.cpp, line 210]
Event: 19.096 Thread 0x00007f8b60008000 Exception <a 'java/lang/ClassNotFoundException': build_3c8li4rd6aajenljelvolmuvyCustomizer> (0x00000000e1c9d6a0) thrown at [/ssd/Android/AOSP-openjdk-git/jdk8u/hotspot/src/share/vm/classfile/systemDictionary.cpp, line 210]

Events (10 events):
Event: 19.175 loading class com/android/build/gradle/internal/dsl/CoreBuildType done
Event: 19.176 loading class com/android/builder/model/BuildType
Event: 19.176 loading class com/android/builder/model/BuildType done
Event: 19.176 loading class com/android/builder/model/BaseConfig
Event: 19.176 loading class com/android/builder/model/BaseConfig done
Event: 19.176 loading class com/android/utils/ILogger
Event: 19.176 loading class com/android/utils/ILogger done
Event: 19.193 loading class com/android/build/gradle/internal/TaskManager
Event: 19.193 loading class com/android/build/gradle/internal/TaskManager done
Event: 19.209 Executing VM operation: CollectForMetadataAllocation


Dynamic libraries:
00400000-00401000 r-xp 00000000 08:01 8130219                            /home/alison/android-studio/jre/bin/java
00600000-00601000 r--p 00000000 08:01 8130219                            /home/alison/android-studio/jre/bin/java
00601000-00602000 rw-p 00001000 08:01 8130219                            /home/alison/android-studio/jre/bin/java
01fdc000-01ffd000 rw-p 00000000 00:00 0                                  [heap]
a0000000-a1f80000 rw-p 00000000 00:00 0 
a1f80000-e0000000 ---p 00000000 00:00 0 
e0000000-eb880000 rw-p 00000000 00:00 0 
eb880000-100000000 ---p 00000000 00:00 0 
100000000-1004e0000 rw-p 00000000 00:00 0 
1004e0000-140000000 ---p 00000000 00:00 0 
7f8b54000000-7f8b54c9b000 rw-p 00000000 00:00 0 
7f8b54c9b000-7f8b58000000 ---p 00000000 00:00 0 
7f8b5c000000-7f8b5c021000 rw-p 00000000 00:00 0 
7f8b5c021000-7f8b60000000 ---p 00000000 00:00 0 
7f8b60000000-7f8b60287000 rw-p 00000000 00:00 0 
7f8b60287000-7f8b64000000 ---p 00000000 00:00 0 
7f8b64000000-7f8b64078000 rw-p 00000000 00:00 0 
7f8b64078000-7f8b68000000 ---p 00000000 00:00 0 
7f8b69700000-7f8b698b6000 rw-p 00000000 00:00 0 
7f8b698b6000-7f8b69900000 ---p 00000000 00:00 0 
7f8b69900000-7f8b6990b000 r--s 00081000 08:01 6687518                    /home/alison/.gradle/caches/jars-3/fc6e889a0f45cc9752787eb60f920103/trove4j-20160824.jar
7f8b6990b000-7f8b6998e000 r--s 00758000 08:01 6687516                    /home/alison/.gradle/caches/jars-3/0d3de44a8474017418d71d8887a5e944/intellij-core-26.0.0.jar
7f8b6998e000-7f8b69994000 r--s 00033000 08:01 6687514                    /home/alison/.gradle/caches/jars-3/f96c897d327ea500d64fe3af2833bd50/commons-codec-1.6.jar
7f8b69994000-7f8b69996000 r--s 0000d000 08:01 6687512                    /home/alison/.gradle/caches/jars-3/ccc849edcf9fccd61ed937bf93ffe896/commons-logging-1.1.1.jar
7f8b69996000-7f8b6999c000 r--s 00032000 08:01 6687510                    /home/alison/.gradle/caches/jars-3/72e344059d1923829968d0d38b0c3c72/httpcore-4.2.5.jar
7f8b6999c000-7f8b6999d000 r--s 00004000 08:01 6687508                    /home/alison/.gradle/caches/jars-3/3a4299d1ce3e273e7c03a9ccf5a1e333/annotations-12.0.jar
7f8b6999d000-7f8b6999e000 r--s 00000000 08:01 6687506                    /home/alison/.gradle/caches/jars-3/0e2fbc3b8c56d2975eca90c524790c13/animal-sniffer-annotations-1.14.jar
7f8b6999e000-7f8b699a0000 r--s 00001000 08:01 6687504                    /home/alison/.gradle/caches/jars-3/ad41f8f3ac67c0323ce9eb1c20c8dc3f/j2objc-annotations-1.1.jar
7f8b699a0000-7f8b699a1000 r--s 00002000 08:01 6687502                    /home/alison/.gradle/caches/jars-3/9edb0f46b907c34c4718edabde6c791c/error_prone_annotations-2.0.18.jar
7f8b699a1000-7f8b699a4000 r--s 00006000 08:01 6687500                    /home/alison/.gradle/caches/jars-3/b58a9bc3bbba42132e4abc0bacae8da1/jsr305-1.3.9.jar
7f8b699a4000-7f8b699a5000 r--s 0000a000 08:01 6687498                    /home/alison/.gradle/caches/jars-3/5b8b36ed61fe92731031cca3c9b3a0b3/kxml2-2.3.0.jar
7f8b699a5000-7f8b699a7000 r--s 00005000 08:01 6687496                    /home/alison/.gradle/caches/jars-3/f10e1e1978816198f2eb1189c974b440/httpmime-4.1.jar
7f8b699a7000-7f8b699b1000 r--s 00061000 08:01 6687494                    /home/alison/.gradle/caches/jars-3/bc4b2527f35dc983f759e8f85f3f8d52/httpclient-4.2.6.jar
7f8b699b1000-7f8b699ba000 r--s 00064000 08:01 6687492                    /home/alison/.gradle/caches/jars-3/fc37c717528c2a0d27f3e3621835f781/commons-compress-1.12.jar
7f8b699ba000-7f8b699bf000 r--s 0002e000 08:01 6687490                    /home/alison/.gradle/caches/jars-3/c5bcda7f6f4809e9c92270f99e51f154/gson-2.3.jar
7f8b699bf000-7f8b699cf000 r--s 000d6000 08:01 6687488                    /home/alison/.gradle/caches/jars-3/dbdb8caed2514263a34702cc763c6785/proguard-base-5.3.3.jar
7f8b699cf000-7f8b699d1000 r--s 00003000 08:01 6687486                    /home/alison/.gradle/caches/jars-3/01ab8600ebbfdcaf9b89b45c2b992e82/annotations-13.0.jar
7f8b699d1000-7f8b699d2000 r--s 00001000 08:01 6687484                    /home/alison/.gradle/caches/jars-3/22d054403841f76f651e28ff81d7e543/annotations-26.0.0.jar
7f8b699d2000-7f8b699d5000 r--s 00033000 08:01 6687482                    /home/alison/.gradle/caches/jars-3/0ce03714647bf7bd3c78634c20ddbf38/juniversalchardet-1.0.3.jar
7f8b699d5000-7f8b699d9000 r--s 0002a000 08:01 6687480                    /home/alison/.gradle/caches/jars-3/9849af6d4b0409ba64061601342f385d/commons-io-2.4.jar
7f8b699d9000-7f8b699f0000 r--s 00154000 08:01 6687478                    /home/alison/.gradle/caches/jars-3/57adf9abd30c921d4ea1dfdcfe7b9efd/antlr4-4.5.3.jar
7f8b699f0000-7f8b699f1000 r--s 00003000 08:01 6687476                    /home/alison/.gradle/caches/jars-3/f29c2da6b031c4830fe215ea32cbd1d6/baseLibrary-3.0.0.jar
7f8b699f1000-7f8b69a21000 r--s 00245000 08:01 6687474                    /home/alison/.gradle/caches/jars-3/8e27cdebb49ba2f804f9403d90aaaac5/guava-22.0.jar
7f8b69a21000-7f8b69a29000 r--s 000a8000 08:01 6557068                    /home/alison/.gradle/caches/jars-3/6cc57ce9ec0d90186f781694264d61bc/lombok-ast-0.2.3.jar
7f8b69a29000-7f8b69a2d000 r--s 0002f000 08:01 6557066                    /home/alison/.gradle/caches/jars-3/505fcc8c47da308b2f1262f0ff3c65f1/jimfs-1.1.jar
7f8b69a2d000-7f8b69a40000 r--s 00241000 08:01 6557064                    /home/alison/.gradle/caches/jars-3/d8dc71eb6d91c966c45f7b594129e14a/ecj-4.6.1.jar
7f8b69a40000-7f8b69a41000 r--s 00003000 08:01 6557062                    /home/alison/.gradle/caches/jars-3/fdb8f5ebd6a086c4818336712b830716/json-simple-1.1.jar
7f8b69a41000-7f8b69b66000 r--s 00f5d000 08:01 6557060                    /home/alison/.gradle/caches/jars-3/dfd566a90e18a0aa75879c33e0731ab8/fastutil-7.2.0.jar
7f8b69b66000-7f8b69bb1000 r--s 002ff000 08:01 6557058                    /home/alison/.gradle/caches/jars-3/d3d44e9a7fcb4a86fb40775c385dd3d0/bcprov-jdk15on-1.56.jar
7f8b69bb1000-7f8b69bc2000 r--s 00097000 08:01 6557056                    /home/alison/.gradle/caches/jars-3/59ebb77d99c5ca0e24bb23272e0329dd/bcpkix-jdk15on-1.56.jar
7f8b69bc2000-7f8b69bc4000 r--s 00002000 08:01 6557054                    /home/alison/.gradle/caches/jars-3/f268e5e8fc83bb846ac355d6a16b1f30/javawriter-2.5.0.jar
7f8b69bc4000-7f8b69bc9000 r--s 0003b000 08:01 6557052                    /home/alison/.gradle/caches/jars-3/e05f9976b96d28fde211735fa5e94d9a/apksig-3.0.0.jar
7f8b69bc9000-7f8b69bcc000 r--s 00024000 08:01 6557050                    /home/alison/.gradle/caches/jars-3/664e7b307d7ea6fbd268ae5e965af33f/common-26.0.0.jar
7f8b69bcc000-7f8b69bce000 r--s 00006000 08:01 6557048                    /home/alison/.gradle/caches/jars-3/0406b1b4dc723dfbfe2d3f0701ad05b0/dvlib-26.0.0.jar
7f8b69bce000-7f8b69bd1000 r--s 00014000 08:01 6557046                    /home/alison/.gradle/caches/jars-3/3ce077ae1920336ec43b829a7f72ce49/layoutlib-api-26.0.0.jar
7f8b69bd1000-7f8b69bd6000 r--s 0004d000 08:01 6557044                    /home/alison/.gradle/caches/jars-3/65eb04ad4074b88473a4bd0790ceb5fa/ddmlib-26.0.0.jar
7f8b69bd6000-7f8b69bd7000 r--s 00003000 08:01 6557042                    /home/alison/.gradle/caches/jars-3/be01663fe004b181af941ac54e7bc4f0/builder-test-api-3.0.0.jar
7f8b69bd7000-7f8b69bda000 r--s 00007000 08:01 6557040                    /home/alison/.gradle/caches/jars-3/38f9351bf06ef722e62746fe5560ea34/builder-model-3.0.0.jar
7f8b69bda000-7f8b69be9000 r--s 00130000 08:01 6557038                    /home/alison/.gradle/caches/jars-3/72ba1443c6adcea1f6ba21e12f0bb0fc/protobuf-java-3.0.0.jar
7f8b69be9000-7f8b69bfc000 r--s 001a8000 08:01 6557036                    /home/alison/.gradle/caches/jars-3/2265108d6f8c35991db49bb36a4f9855/protos-26.0.0.jar
7f8b69bfc000-7f8b69bfd000 r--s 00005000 08:01 6557034                    /home/alison/.gradle/caches/jars-3/d41f18504bb9fe2aad8342cc4d177c72/shared-26.0.0.jar
7f8b69bfd000-7f8b69bff000 r--s 00004000 08:01 6557032                    /home/alison/.gradle/caches/jars-3/6d32eb0515d6f097cfbdc2a4d0a68216/tracker-26.0.0.jar
7f8b69bff000-7f8b69c01000 r--s 00002000 08:01 6557030                    /home/alison/.gradle/caches/jars-3/e91624d2ed1c3b55eec9fd768ed13c1d/proguard-gradle-5.3.3.jar
7f8b69c01000-7f8b69c03000 r--s 0000f000 08:01 6557028                    /home/alison/.gradle/caches/jars-3/96760c32d36a5d7066e3ccf088bfd362/jopt-simple-4.9.jar
7f8b69c03000-7f8b69c07000 r--s 0001e000 08:01 6557026                    /home/alison/.gradle/caches/jars-3/0d3e95aba631209a078aeec58a76633d/org.jacoco.core-0.7.4.201502262128.jar
7f8b69c07000-7f8b69c0a000 r--s 00020000 08:01 6557024                    /home/alison/.gradle/caches/jars-3/c72fc284d34f39eab57a4e3ba83405e9/org.jacoco.report-0.7.4.201502262128.jar
7f8b69c0a000-7f8b69c0c000 r--s 0000c000 08:01 6557022                    /home/alison/.gradle/caches/jars-3/9b0a36633c92c6e87e62c81734593183/asm-5.1.jar
7f8b69c0c000-7f8b69c0e000 r--s 00006000 08:01 6425470                    /home/alison/.gradle/caches/jars-3/50c8a7da333c41693b2b7ce95b6d9d89/asm-tree-5.1.jar
7f8b69c0e000-7f8b69c0f000 r--s 0000a000 08:01 6425468                    /home/alison/.gradle/caches/jars-3/c4f1f1d5a624f981d35a78d181e2c418/asm-util-5.1.jar
7f8b69c0f000-7f8b69c11000 r--s 0000a000 08:01 6425466                    /home/alison/.gradle/caches/jars-3/d37aa405961c464c627b1efe5def81b8/asm-commons-5.1.jar
7f8b69c11000-7f8b69c12000 r--s 00004000 08:01 6425464                    /home/alison/.gradle/caches/jars-3/2b2689d10a4425b1cb2d0654db2ea088/asm-analysis-5.1.jar
7f8b69c12000-7f8b69c13000 r--s 00000000 08:01 6425462                    /home/alison/.gradle/caches/jars-3/5206138fb8a6b2ffbd31e140916c2100/transform-api-2.0.0-deprecated-use-gradle-api.jar
7f8b69c13000-7f8b69c22000 r--s 000c8000 08:01 6425460                    /home/alison/.gradle/caches/jars-3/af931fae44e009148423077fa09abbd1/kotlin-stdlib-1.1.3-2.jar
7f8b69c22000-7f8b69c54000 r--s 0021b000 08:01 6425458                    /home/alison/.gradle/caches/jars-3/24b2127528a18b338af82ff7ea236d45/kotlin-reflect-1.1.3-2.jar
7f8b69c54000-7f8b69c5a000 r--s 00030000 08:01 6425456                    /home/alison/.gradle/caches/jars-3/ed1566eb5e13985bd2441d4d9fb001bc/repository-26.0.0.jar
7f8b69c5a000-7f8b69c65000 r--s 0009b000 08:01 6425454                    /home/alison/.gradle/caches/jars-3/010a8562e37fa93874e94473b7b1b739/sdklib-26.0.0.jar
7f8b69c65000-7f8b69c74000 r--s 000da000 08:01 6425452                    /home/alison/.gradle/caches/jars-3/855bd024c9103048d08cf3d6b4ccafaf/sdk-common-26.0.0.jar
7f8b69c74000-7f8b69c78000 r--s 00023000 08:01 6425450                    /home/alison/.gradle/caches/jars-3/901a1ffe8b1c867d10bb96d1ffa22bf8/manifest-merger-26.0.0.jar
7f8b69c78000-7f8b69c7c000 r--s 0002e000 08:01 6425448                    /home/alison/.gradle/caches/jars-3/7844948b119640730aae7d1024fe376e/compilerCommon-3.0.0.jar
7f8b69c7c000-7f8b69c7e000 r--s 00003000 08:01 6425446                    /home/alison/.gradle/caches/jars-3/93282345f8a1cdba41f206997292df6a/gradle-api-3.0.0.jar
7f8b69c7e000-7f8b69c8d000 r--s 000cb000 08:01 6425444                    /home/alison/.gradle/caches/jars-3/f5905f482fd3ae4156449764362d5347/uast-26.0.0.jar
7f8b69c8d000-7f8b69c94000 r--s 0007f000 08:01 6425442                    /home/alison/.gradle/caches/jars-3/96f25077deeaace8d84ee1787aad54fd/lint-api-26.0.0.jar
7f8b69c94000-7f8b69c9d000 r--s 000ff000 08:01 6425440                    /home/alison/.gradle/caches/jars-3/f0348591fd8e5cf1f09289c2cddb6498/lint-checks-26.0.0.jar
7f8b69c9d000-7f8b69ca0000 r--s 00039000 08:01 6425438                    /home/alison/.gradle/caches/jars-3/6acf45ba7bd0fd34186c06e50fa1a773/lint-26.0.0.jar
7f8b69ca0000-7f8b69cd0000 r--s 01983000 08:01 6425436                    /home/alison/.gradle/caches/jars-3/9d8abc21f07cf6634ed8d5a72c47a95f/builder-3.0.0.jar
7f8b69cd0000-7f8b69cf3000 r--s 0020b000 08:01 6425434                    /home/alison/.gradle/caches/jars-3/6580be06fa7f5eae6309ca3ad3a20624/gradle-core-3.0.0.jar
7f8b69cf3000-7f8b69cf5000 r--s 0000f000 08:01 6425432                    /home/alison/.gradle/caches/jars-3/119369196b5bc94e9595652e20112cf5/gradle-3.0.0.jar
7f8b69cf5000-7f8b69cf8000 ---p 00000000 00:00 0 
7f8b69cf8000-7f8b69df6000 rw-p 00000000 00:00 0 
7f8b69df6000-7f8b69df9000 ---p 00000000 00:00 0 
7f8b69df9000-7f8b6a0f7000 rw-p 00000000 00:00 0 
7f8b6a0f7000-7f8b6a2f7000 rw-p 00000000 00:00 0 
7f8b6a2f7000-7f8b6a4f7000 rw-p 00000000 00:00 0 
7f8b6a4f7000-7f8b6a4fd000 r--s 0008b000 08:01 6163329                    /home/alison/.gradle/caches/jars-3/f0a02bd4a7e9a58968cad5d82da8cec1/gradle-tooling-extension-impl.jar
7f8b6a4fd000-7f8b6a502000 r--s 00034000 08:01 6163325                    /home/alison/.gradle/caches/jars-3/d447f2396a03dbc75b6d52fec5a488d6/gson-2.5.jar
7f8b6a502000-7f8b6a510000 r--s 000ca000 08:01 6163327                    /home/alison/.gradle/caches/jars-3/e0bd0005080c5c7e72a2b279cbd60369/kotlin-runtime.jar
7f8b6a510000-7f8b6a580000 r--s 00643000 08:01 6163323                    /home/alison/.gradle/caches/jars-3/fd607a71f3d781451515f815d21ecd8e/groovy-all-2.4.6.jar
7f8b6a580000-7f8b6a780000 rw-p 00000000 00:00 0 
7f8b6a780000-7f8b6a783000 ---p 00000000 00:00 0 
7f8b6a783000-7f8b6aa81000 rw-p 00000000 00:00 0 
7f8b6aa81000-7f8b6ac81000 rw-p 00000000 00:00 0 
7f8b6ac81000-7f8b6ae81000 rw-p 00000000 00:00 0 
7f8b6ae81000-7f8b6ae83000 r--s 0000e000 08:01 6031783                    /home/alison/.gradle/caches/jars-3/749fa8fddbb60dbf5a9683c6d3a8f3e9/android-extensions-ide.jar
7f8b6ae83000-7f8b6ae84000 r--s 00000000 08:01 6031781                    /home/alison/.gradle/caches/jars-3/be363fcec6fce25e79fe7d68a2750e91/gradle-appengine-builder-model-0.1.0.jar
7f8b6ae84000-7f8b6aea3000 r--s 0053d000 08:01 6031779                    /home/alison/.gradle/caches/jars-3/c0b8fca5eb942592236928195650a892/sdk-tools.jar
7f8b6aea3000-7f8b6aea4000 r--s 00003000 08:01 6031777                    /home/alison/.gradle/caches/jars-3/2405bbfe967ae4d56a908337251d2f0e/kotlin-gradle-tooling.jar
7f8b6aea4000-7f8b6aea5000 r--s 00002000 08:01 6031775                    /home/alison/.gradle/caches/jars-3/99e644a4297156f8ad22d730b4e69696/external-system-rt.jar
7f8b6aea5000-7f8b6aea7000 r--s 0000c000 08:01 6031773                    /home/alison/.gradle/caches/jars-3/873f9ca490439c486fe23eb90064327f/gradle-tooling-extension-api.jar
7f8b6aea7000-7f8b6aeae000 r--s 0002a000 08:01 6031771                    /home/alison/.gradle/caches/jars-3/fff47aec37b967e571b648d1fc9c6db6/gradle-messaging-3.5.jar
7f8b6aeae000-7f8b6aeb3000 r--s 00041000 08:01 5902326                    /home/alison/.gradle/caches/jars-3/c0502f5c2cf6dfd52d250e1b7d027d24/commons-lang-2.6.jar
7f8b6aeb3000-7f8b6aef5000 r--s 00220000 08:01 5902324                    /home/alison/.gradle/caches/jars-3/929747bc6b973b44297e9c57df71598d/gradle-core-3.5.jar
7f8b6aef5000-7f8b6aef8000 ---p 00000000 00:00 0 
7f8b6aef8000-7f8b6b1f6000 rw-p 00000000 00:00 0 
7f8b6b1f6000-7f8b6b1f9000 ---p 00000000 00:00 0 
7f8b6b1f9000-7f8b6b2f7000 rw-p 00000000 00:00 0 
7f8b6b2f7000-7f8b6b2fa000 ---p 00000000 00:00 0 
7f8b6b2fa000-7f8b6b5f8000 rw-p 00000000 00:00 0 
7f8b6b5f8000-7f8b6b5fb000 ---p 00000000 00:00 0 
7f8b6b5fb000-7f8b6b6f9000 rw-p 00000000 00:00 0 
7f8b6b6f9000-7f8b6b6fc000 ---p 00000000 00:00 0 
7f8b6b6fc000-7f8b6b7fa000 rw-p 00000000 00:00 0 
7f8b6b7fa000-7f8b6b7fd000 ---p 00000000 00:00 0 
7f8b6b7fd000-7f8b6b8fb000 rw-p 00000000 00:00 0 
7f8b6b8fb000-7f8b6b8fe000 ---p 00000000 00:00 0 
7f8b6b8fe000-7f8b6b9fc000 rw-p 00000000 00:00 0 
7f8b6b9fc000-7f8b6b9ff000 ---p 00000000 00:00 0 
7f8b6b9ff000-7f8b6bafd000 rw-p 00000000 00:00 0 
7f8b6bafd000-7f8b6bb00000 ---p 00000000 00:00 0 
7f8b6bb00000-7f8b6bbfe000 rw-p 00000000 00:00 0 
7f8b6bbfe000-7f8b6bc01000 ---p 00000000 00:00 0 
7f8b6bc01000-7f8b6bcff000 rw-p 00000000 00:00 0 
7f8b6bcff000-7f8b6bd02000 ---p 00000000 00:00 0 
7f8b6bd02000-7f8b6c000000 rw-p 00000000 00:00 0 
7f8b6c000000-7f8b6c021000 rw-p 00000000 00:00 0 
7f8b6c021000-7f8b70000000 ---p 00000000 00:00 0 
7f8b70000000-7f8b70009000 r--s 00047000 08:01 5902322                    /home/alison/.gradle/caches/jars-3/11d06a5dce89fe5632250b7df00a3d57/gradle-base-services-3.5.jar
7f8b70009000-7f8b70031000 r--s 001cf000 08:01 5902320                    /home/alison/.gradle/caches/jars-3/566e7e0f530f75a42eba4833ef84d88c/guava-jdk5-17.0.jar
7f8b70031000-7f8b7003f000 r--s 00043000 08:01 5902318                    /home/alison/.gradle/caches/jars-3/c0d1da18a547ef3a2ba66d3068ae6e09/gradle-tooling-api-3.5.jar
7f8b7003f000-7f8b700b8000 r--s 010fd000 08:01 8130051                    /home/alison/android-studio/jre/lib/tools.jar
7f8b700b8000-7f8b700bf000 r--s 00000000 08:01 3413681                    /usr/lib/x86_64-linux-gnu/gconv/gconv-modules.cache
7f8b700bf000-7f8b700c4000 r--s 0009a000 08:01 8130089                    /home/alison/android-studio/jre/jre/lib/jsse.jar
7f8b700c4000-7f8b700cd000 r-xp 00000000 08:01 8130167                    /home/alison/android-studio/jre/jre/lib/amd64/libmanagement.so
7f8b700cd000-7f8b702cc000 ---p 00009000 08:01 8130167                    /home/alison/android-studio/jre/jre/lib/amd64/libmanagement.so
7f8b702cc000-7f8b702cd000 r--p 00008000 08:01 8130167                    /home/alison/android-studio/jre/jre/lib/amd64/libmanagement.so
7f8b702cd000-7f8b702ce000 rw-p 00009000 08:01 8130167                    /home/alison/android-studio/jre/jre/lib/amd64/libmanagement.so
7f8b702ce000-7f8b702d0000 r--s 00007000 08:01 6949864                    /home/alison/.gradle/wrapper/dists/gradle-4.1-all/bzyivzo6n839fup2jbap0tjew/gradle-4.1/lib/plugins/gradle-tooling-api-builders-4.1.jar
7f8b702d0000-7f8b702d3000 r--s 00009000 08:01 6949874                    /home/alison/.gradle/wrapper/dists/gradle-4.1-all/bzyivzo6n839fup2jbap0tjew/gradle-4.1/lib/plugins/gradle-testing-native-4.1.jar
7f8b702d3000-7f8b702d5000 r--s 00009000 08:01 6949947                    /home/alison/.gradle/wrapper/dists/gradle-4.1-all/bzyivzo6n839fup2jbap0tjew/gradle-4.1/lib/plugins/hamcrest-core-1.3.jar
7f8b702d5000-7f8b702da000 r--s 00040000 08:01 6949942                    /home/alison/.gradle/wrapper/dists/gradle-4.1-all/bzyivzo6n839fup2jbap0tjew/gradle-4.1/lib/plugins/bsh-2.0b4.jar
7f8b702da000-7f8b702dc000 r--s 00006000 08:01 6949943                    /home/alison/.gradle/wrapper/dists/gradle-4.1-all/bzyivzo6n839fup2jbap0tjew/gradle-4.1/lib/plugins/jcommander-1.12.jar
7f8b702dc000-7f8b702e2000 r--s 00033000 08:01 6949944                    /home/alison/.gradle/wrapper/dists/gradle-4.1-all/bzyivzo6n839fup2jbap0tjew/gradle-4.1/lib/plugins/snakeyaml-1.6.jar
7f8b702e2000-7f8b702eb000 r--s 00089000 08:01 6949902                    /home/alison/.gradle/wrapper/dists/gradle-4.1-all/bzyivzo6n839fup2jbap0tjew/gradle-4.1/lib/plugins/testng-6.3.1.jar
7f8b702eb000-7f8b702f3000 r--s 00045000 08:01 6949903                    /home/alison/.gradle/wrapper/dists/gradle-4.1-all/bzyivzo6n839fup2jbap0tjew/gradle-4.1/lib/plugins/junit-4.12.jar
7f8b702f3000-7f8b702f9000 r--s 0002e000 08:01 6949870                    /home/alison/.gradle/wrapper/dists/gradle-4.1-all/bzyivzo6n839fup2jbap0tjew/gradle-4.1/lib/plugins/gradle-testing-jvm-4.1.jar
7f8b702f9000-7f8b702fd000 r--s 00017000 08:01 6949878                    /home/alison/.gradle/wrapper/dists/gradle-4.1-all/bzyivzo6n839fup2jbap0tjew/gradle-4.1/lib/plugins/gradle-testing-base-4.1.jar
7f8b702fd000-7f8b70304000 r--s 00038000 08:01 6949898                    /home/alison/.gradle/wrapper/dists/gradle-4.1-all/bzyivzo6n839fup2jbap0tjew/gradle-4.1/lib/plugins/bcpg-jdk15on-1.51.jar
7f8b70304000-7f8b70306000 r--s 0000c000 08:01 6949849                    /home/alison/.gradle/wrapper/dists/gradle-4.1-all/bzyivzo6n839fup2jbap0tjew/gradle-4.1/lib/plugins/gradle-signing-4.1.jar
7f8b70306000-7f8b70308000 r--s 00007000 08:01 6949855                    /home/alison/.gradle/wrapper/dists/gradle-4.1-all/bzyivzo6n839fup2jbap0tjew/gradle-4.1/lib/plugins/gradle-scala-4.1.jar
7f8b70308000-7f8b70309000 r--s 00004000 08:01 6949886                    /home/alison/.gradle/wrapper/dists/gradle-4.1-all/bzyivzo6n839fup2jbap0tjew/gradle-4.1/lib/plugins/gradle-resources-sftp-4.1.jar
7f8b70309000-7f8b70319000 r--s 00088000 08:01 6949915                    /home/alison/.gradle/wrapper/dists/gradle-4.1-all/bzyivzo6n839fup2jbap0tjew/gradle-4.1/lib/plugins/joda-time-2.8.2.jar
7f8b70319000-7f8b7032a000 r--s 0010d000 08:01 6949914                    /home/alison/.gradle/wrapper/dists/gradle-4.1-all/bzyivzo6n839fup2jbap0tjew/gradle-4.1/lib/plugins/jackson-databind-2.6.6.jar
7f8b7032a000-7f8b7032d000 r--s 00009000 08:01 6949913                    /home/alison/.gradle/wrapper/dists/gradle-4.1-all/bzyivzo6n839fup2jbap0tjew/gradle-4.1/lib/plugins/jackson-annotations-2.6.6.jar
7f8b7032d000-7f8b70331000 r--s 0003c000 08:01 6949912                    /home/alison/.gradle/wrapper/dists/gradle-4.1-all/bzyivzo6n839fup2jbap0tjew/gradle-4.1/lib/plugins/jackson-core-2.6.6.jar
7f8b70331000-7f8b7033f000 r--s 00087000 08:01 6949911                    /home/alison/.gradle/wrapper/dists/gradle-4.1-all/bzyivzo6n839fup2jbap0tjew/gradle-4.1/lib/plugins/aws-java-sdk-core-1.11.6.jar
7f8b7033f000-7f8b70346000 r--s 00057000 08:01 6949910                    /home/alison/.gradle/wrapper/dists/gradle-4.1-all/bzyivzo6n839fup2jbap0tjew/gradle-4.1/lib/plugins/aws-java-sdk-kms-1.11.6.jar
7f8b70346000-7f8b70353000 r--s 0008e000 08:01 6949909                    /home/alison/.gradle/wrapper/dists/gradle-4.1-all/bzyivzo6n839fup2jbap0tjew/gradle-4.1/lib/plugins/aws-java-sdk-s3-1.11.6.jar
7f8b70353000-7f8b70355000 r--s 00004000 08:01 6949883                    /home/alison/.gradle/wrapper/dists/gradle-4.1-all/bzyivzo6n839fup2jbap0tjew/gradle-4.1/lib/plugins/gradle-resources-s3-4.1.jar
7f8b70355000-7f8b70357000 r--s 00010000 08:01 6949879                    /home/alison/.gradle/wrapper/dists/gradle-4.1-all/bzyivzo6n839fup2jbap0tjew/gradle-4.1/lib/plugins/gradle-reporting-4.1.jar
7f8b70357000-7f8b70359000 r--s 00002000 08:01 6949880                    /home/alison/.gradle/wrapper/dists/gradle-4.1-all/bzyivzo6n839fup2jbap0tjew/gradle-4.1/lib/plugins/gradle-publish-4.1.jar
7f8b70359000-7f8b7035b000 r--s 00009000 08:01 6949891                    /home/alison/.gradle/wrapper/dists/gradle-4.1-all/bzyivzo6n839fup2jbap0tjew/gradle-4.1/lib/plugins/commons-cli-1.2.jar
7f8b7035b000-7f8b70361000 r--s 00036000 08:01 6949863                    /home/alison/.gradle/wrapper/dists/gradle-4.1-all/bzyivzo6n839fup2jbap0tjew/gradle-4.1/lib/plugins/gradle-plugins-4.1.jar
7f8b70361000-7f8b70363000 r--s 00009000 08:01 6949850                    /home/alison/.gradle/wrapper/dists/gradle-4.1-all/bzyivzo6n839fup2jbap0tjew/gradle-4.1/lib/plugins/gradle-plugin-development-4.1.jar
7f8b70363000-7f8b70369000 r--s 0002b000 08:01 6949858                    /home/alison/.gradle/wrapper/dists/gradle-4.1-all/bzyivzo6n839fup2jbap0tjew/gradle-4.1/lib/plugins/gradle-platform-play-4.1.jar
7f8b70369000-7f8b70378000 r--s 0005b000 08:01 6949876                    /home/alison/.gradle/wrapper/dists/gradle-4.1-all/bzyivzo6n839fup2jbap0tjew/gradle-4.1/lib/plugins/gradle-platform-native-4.1.jar
7f8b70378000-7f8b7037c000 r--s 0001b000 08:01 6949873                    /home/alison/.gradle/wrapper/dists/gradle-4.1-all/bzyivzo6n839fup2jbap0tjew/gradle-4.1/lib/plugins/gradle-platform-jvm-4.1.jar
7f8b7037c000-7f8b70384000 r--s 00027000 08:01 6949881                    /home/alison/.gradle/wrapper/dists/gradle-4.1-all/bzyivzo6n839fup2jbap0tjew/gradle-4.1/lib/plugins/gradle-platform-base-4.1.jar
7f8b70384000-7f8b703ac000 r--s 0021c000 08:01 6949892                    /home/alison/.gradle/wrapper/dists/gradle-4.1-all/bzyivzo6n839fup2jbap0tjew/gradle-4.1/lib/plugins/biz.aQute.bndlib-3.2.0.jar
7f8b703ac000-7f8b703ad000 r--s 00004000 08:01 6949848                    /home/alison/.gradle/wrapper/dists/gradle-4.1-all/bzyivzo6n839fup2jbap0tjew/gradle-4.1/lib/plugins/gradle-osgi-4.1.jar
7f8b703ad000-7f8b703b0000 r--s 0000c000 08:01 6949895                    /home/alison/.gradle/wrapper/dists/gradle-4.1-all/bzyivzo6n839fup2jbap0tjew/gradle-4.1/lib/plugins/pmaven-groovy-0.8-20100325.jar
7f8b703b0000-7f8b703b1000 r--s 00004000 08:01 6949894                    /home/alison/.gradle/wrapper/dists/gradle-4.1-all/bzyivzo6n839fup2jbap0tjew/gradle-4.1/lib/plugins/pmaven-common-0.8-20100325.jar
7f8b703b1000-7f8b703b7000 r--s 00023000 08:01 6949851                    /home/alison/.gradle/wrapper/dists/gradle-4.1-all/bzyivzo6n839fup2jbap0tjew/gradle-4.1/lib/plugins/gradle-maven-4.1.jar
7f8b703b7000-7f8b703ba000 r--s 0000b000 08:01 6949869                    /home/alison/.gradle/wrapper/dists/gradle-4.1-all/bzyivzo6n839fup2jbap0tjew/gradle-4.1/lib/plugins/gradle-language-scala-4.1.jar
7f8b703ba000-7f8b703c1000 r--s 00020000 08:01 6949875                    /home/alison/.gradle/wrapper/dists/gradle-4.1-all/bzyivzo6n839fup2jbap0tjew/gradle-4.1/lib/plugins/gradle-language-native-4.1.jar
7f8b703c1000-7f8b703c3000 r--s 00005000 08:01 6949872                    /home/alison/.gradle/wrapper/dists/gradle-4.1-all/bzyivzo6n839fup2jbap0tjew/gradle-4.1/lib/plugins/gradle-language-jvm-4.1.jar
7f8b703c3000-7f8b703ca000 r--s 0002f000 08:01 6949871                    /home/alison/.gradle/wrapper/dists/gradle-4.1-all/bzyivzo6n839fup2jbap0tjew/gradle-4.1/lib/plugins/gradle-language-java-4.1.jar
7f8b703ca000-7f8b703cd000 r--s 0000a000 08:01 6949868                    /home/alison/.gradle/wrapper/dists/gradle-4.1-all/bzyivzo6n839fup2jbap0tjew/gradle-4.1/lib/plugins/gradle-language-groovy-4.1.jar
7f8b703cd000-7f8b703d4000 r--s 00035000 08:01 6949901                    /home/alison/.gradle/wrapper/dists/gradle-4.1-all/bzyivzo6n839fup2jbap0tjew/gradle-4.1/lib/plugins/simple-4.1.21.jar
7f8b703d4000-7f8b703e0000 r--s 00100000 08:01 6949899                    /home/alison/.gradle/wrapper/dists/gradle-4.1-all/bzyivzo6n839fup2jbap0tjew/gradle-4.1/lib/plugins/rhino-1.7R3.jar
7f8b703e0000-7f8b703e4000 r--s 00012000 08:01 6949859                    /home/alison/.gradle/wrapper/dists/gradle-4.1-all/bzyivzo6n839fup2jbap0tjew/gradle-4.1/lib/plugins/gradle-javascript-4.1.jar
7f8b703e4000-7f8b703e7000 r--s 00011000 08:01 6949861                    /home/alison/.gradle/wrapper/dists/gradle-4.1-all/bzyivzo6n839fup2jbap0tjew/gradle-4.1/lib/plugins/gradle-jacoco-4.1.jar
7f8b703e7000-7f8b703ea000 r--s 0000e000 08:01 6949860                    /home/alison/.gradle/wrapper/dists/gradle-4.1-all/bzyivzo6n839fup2jbap0tjew/gradle-4.1/lib/plugins/gradle-ivy-4.1.jar
7f8b703ea000-7f8b703eb000 r--s 00002000 08:01 6949852                    /home/alison/.gradle/wrapper/dists/gradle-4.1-all/bzyivzo6n839fup2jbap0tjew/gradle-4.1/lib/plugins/gradle-ide-play-4.1.jar
7f8b703eb000-7f8b703ee000 r--s 00013000 08:01 6949853                    /home/alison/.gradle/wrapper/dists/gradle-4.1-all/bzyivzo6n839fup2jbap0tjew/gradle-4.1/lib/plugins/gradle-ide-native-4.1.jar
7f8b703ee000-7f8b703f8000 r--s 00054000 08:01 6949854                    /home/alison/.gradle/wrapper/dists/gradle-4.1-all/bzyivzo6n839fup2jbap0tjew/gradle-4.1/lib/plugins/gradle-ide-4.1.jar
7f8b703f8000-7f8b703fa000 r--s 00007000 08:01 6949857                    /home/alison/.gradle/wrapper/dists/gradle-4.1-all/bzyivzo6n839fup2jbap0tjew/gradle-4.1/lib/plugins/gradle-ear-4.1.jar
7f8b703fa000-7f8b703fc000 r--s 00005000 08:01 6949889                    /home/alison/.gradle/wrapper/dists/gradle-4.1-all/bzyivzo6n839fup2jbap0tjew/gradle-4.1/lib/plugins/jatl-0.2.2.jar
7f8b703fc000-7f8b70403000 r--s 00038000 08:01 6949877                    /home/alison/.gradle/wrapper/dists/gradle-4.1-all/bzyivzo6n839fup2jbap0tjew/gradle-4.1/lib/plugins/gradle-diagnostics-4.1.jar
7f8b70403000-7f8b70405000 r--s 0000b000 08:01 6949866                    /home/alison/.gradle/wrapper/dists/gradle-4.1-all/bzyivzo6n839fup2jbap0tjew/gradle-4.1/lib/plugins/gradle-composite-builds-4.1.jar
7f8b70405000-7f8b7040a000 r--s 00025000 08:01 6949846                    /home/alison/.gradle/wrapper/dists/gradle-4.1-all/bzyivzo6n839fup2jbap0tjew/gradle-4.1/lib/plugins/gradle-code-quality-4.1.jar
7f8b7040a000-7f8b7040f000 r--s 00022000 08:01 6949862                    /home/alison/.gradle/wrapper/dists/gradle-4.1-all/bzyivzo6n839fup2jbap0tjew/gradle-4.1/lib/plugins/gradle-build-init-4.1.jar
7f8b7040f000-7f8b70415000 r--s 0008e000 08:01 6949856                    /home/alison/.gradle/wrapper/dists/gradle-4.1-all/bzyivzo6n839fup2jbap0tjew/gradle-4.1/lib/plugins/gradle-build-comparison-4.1.jar
7f8b70415000-7f8b70416000 r--s 00002000 08:01 6949884                    /home/alison/.gradle/wrapper/dists/gradle-4.1-all/bzyivzo6n839fup2jbap0tjew/gradle-4.1/lib/plugins/gradle-build-cache-http-4.1.jar
7f8b70416000-7f8b70418000 r--s 00008000 08:01 6949847                    /home/alison/.gradle/wrapper/dists/gradle-4.1-all/bzyivzo6n839fup2jbap0tjew/gradle-4.1/lib/plugins/gradle-antlr-4.1.jar
7f8b70418000-7f8b70420000 r--s 00028000 08:01 6949946                    /home/alison/.gradle/wrapper/dists/gradle-4.1-all/bzyivzo6n839fup2jbap0tjew/gradle-4.1/lib/plugins/xml-apis-1.3.04.jar
7f8b70420000-7f8b70438000 r--s 00115000 08:01 6949906                    /home/alison/.gradle/wrapper/dists/gradle-4.1-all/bzyivzo6n839fup2jbap0tjew/gradle-4.1/lib/plugins/xercesImpl-2.9.1.jar
7f8b70438000-7f8b7044e000 r-xp 00000000 08:01 9441752                    /lib/x86_64-linux-gnu/libgcc_s.so.1
7f8b7044e000-7f8b7064d000 ---p 00016000 08:01 9441752                    /lib/x86_64-linux-gnu/libgcc_s.so.1
7f8b7064d000-7f8b7064e000 rw-p 00015000 08:01 9441752                    /lib/x86_64-linux-gnu/libgcc_s.so.1
7f8b7064e000-7f8b707c0000 r-xp 00000000 08:01 3147909                    /usr/lib/x86_64-linux-gnu/libstdc++.so.6.0.21
7f8b707c0000-7f8b709c0000 ---p 00172000 08:01 3147909                    /usr/lib/x86_64-linux-gnu/libstdc++.so.6.0.21
7f8b709c0000-7f8b709ca000 r--p 00172000 08:01 3147909                    /usr/lib/x86_64-linux-gnu/libstdc++.so.6.0.21
7f8b709ca000-7f8b709cc000 rw-p 0017c000 08:01 3147909                    /usr/lib/x86_64-linux-gnu/libstdc++.so.6.0.21
7f8b709cc000-7f8b709d0000 rw-p 00000000 00:00 0 
7f8b709d0000-7f8b709d5000 r-xp 00000000 08:01 5902293                    /home/alison/.gradle/native/25/linux-amd64/libnative-platform.so
7f8b709d5000-7f8b70bd4000 ---p 00005000 08:01 5902293                    /home/alison/.gradle/native/25/linux-amd64/libnative-platform.so
7f8b70bd4000-7f8b70bd5000 rw-p 00004000 08:01 5902293                    /home/alison/.gradle/native/25/linux-amd64/libnative-platform.so
7f8b70bd5000-7f8b70be6000 r-xp 00000000 08:01 8130174                    /home/alison/android-studio/jre/jre/lib/amd64/libnio.so
7f8b70be6000-7f8b70de5000 ---p 00011000 08:01 8130174                    /home/alison/android-studio/jre/jre/lib/amd64/libnio.so
7f8b70de5000-7f8b70de6000 r--p 00010000 08:01 8130174                    /home/alison/android-studio/jre/jre/lib/amd64/libnio.so
7f8b70de6000-7f8b70de7000 rw-p 00011000 08:01 8130174                    /home/alison/android-studio/jre/jre/lib/amd64/libnio.so
7f8b70de7000-7f8b73de8000 rw-p 00000000 00:00 0 
7f8b73de8000-7f8b73dfe000 r-xp 00000000 08:01 8130172                    /home/alison/android-studio/jre/jre/lib/amd64/libnet.so
7f8b73dfe000-7f8b73ffe000 ---p 00016000 08:01 8130172                    /home/alison/android-studio/jre/jre/lib/amd64/libnet.so
7f8b73ffe000-7f8b73fff000 r--p 00016000 08:01 8130172                    /home/alison/android-studio/jre/jre/lib/amd64/libnet.so
7f8b73fff000-7f8b74000000 rw-p 00017000 08:01 8130172                    /home/alison/android-studio/jre/jre/lib/amd64/libnet.so
7f8b74000000-7f8b747a1000 rw-p 00000000 00:00 0 
7f8b747a1000-7f8b78000000 ---p 00000000 00:00 0 
7f8b78000000-7f8b78021000 rw-p 00000000 00:00 0 
7f8b78021000-7f8b7c000000 ---p 00000000 00:00 0 
7f8b7c000000-7f8b7c021000 rw-p 00000000 00:00 0 
7f8b7c021000-7f8b80000000 ---p 00000000 00:00 0 
7f8b80000000-7f8b8189d000 rw-p 00000000 00:00 0 
7f8b8189d000-7f8b84000000 ---p 00000000 00:00 0 
7f8b84000000-7f8b84021000 rw-p 00000000 00:00 0 
7f8b84021000-7f8b88000000 ---p 00000000 00:00 0 
7f8b88000000-7f8b88021000 rw-p 00000000 00:00 0 
7f8b88021000-7f8b8c000000 ---p 00000000 00:00 0 
7f8b8c000000-7f8b8c2b7000 rw-p 00000000 00:00 0 
7f8b8c2b7000-7f8b90000000 ---p 00000000 00:00 0 
7f8b90000000-7f8b90021000 rw-p 00000000 00:00 0 
7f8b90021000-7f8b94000000 ---p 00000000 00:00 0 
7f8b94000000-7f8b9403a000 rw-p 00000000 00:00 0 
7f8b9403a000-7f8b98000000 ---p 00000000 00:00 0 
7f8b98000000-7f8b98002000 r--s 00004000 08:01 6949867                    /home/alison/.gradle/wrapper/dists/gradle-4.1-all/bzyivzo6n839fup2jbap0tjew/gradle-4.1/lib/plugins/gradle-announce-4.1.jar
7f8b98002000-7f8b98004000 r--s 00008000 08:01 6949760                    /home/alison/.gradle/wrapper/dists/gradle-4.1-all/bzyivzo6n839fup2jbap0tjew/gradle-4.1/lib/gradle-kotlin-dsl-tooling-builders-0.10.3.jar
7f8b98004000-7f8b98007000 r--s 0001c000 08:01 6949905                    /home/alison/.gradle/wrapper/dists/gradle-4.1-all/bzyivzo6n839fup2jbap0tjew/gradle-4.1/lib/plugins/nekohtml-1.9.14.jar
7f8b98007000-7f8b9800d000 r--s 0005b000 08:01 6949904                    /home/alison/.gradle/wrapper/dists/gradle-4.1-all/bzyivzo6n839fup2jbap0tjew/gradle-4.1/lib/plugins/jcifs-1.3.17.jar
7f8b9800d000-7f8b98014000 r--s 00049000 08:01 6949945                    /home/alison/.gradle/wrapper/dists/gradle-4.1-all/bzyivzo6n839fup2jbap0tjew/gradle-4.1/lib/plugins/httpcore-4.4.4.jar
7f8b98014000-7f8b9801a000 r--s 00033000 08:01 6949897                    /home/alison/.gradle/wrapper/dists/gradle-4.1-all/bzyivzo6n839fup2jbap0tjew/gradle-4.1/lib/plugins/commons-codec-1.6.jar
7f8b9801a000-7f8b98027000 r--s 000a4000 08:01 6949890                    /home/alison/.gradle/wrapper/dists/gradle-4.1-all/bzyivzo6n839fup2jbap0tjew/gradle-4.1/lib/plugins/httpclient-4.4.1.jar
7f8b98027000-7f8b98029000 r--s 0000b000 08:01 6949885                    /home/alison/.gradle/wrapper/dists/gradle-4.1-all/bzyivzo6n839fup2jbap0tjew/gradle-4.1/lib/plugins/gradle-resources-http-4.1.jar
7f8b98029000-7f8b9802d000 r--s 00017000 08:01 6949882                    /home/alison/.gradle/wrapper/dists/gradle-4.1-all/bzyivzo6n839fup2jbap0tjew/gradle-4.1/lib/plugins/gradle-plugin-use-4.1.jar
7f8b9802d000-7f8b9802e000 r--s 00000000 08:01 6949766                    /home/alison/.gradle/wrapper/dists/gradle-4.1-all/bzyivzo6n839fup2jbap0tjew/gradle-4.1/lib/gradle-runtime-api-info-4.1.jar
7f8b9802e000-7f8b9802f000 r--s 00000000 08:01 6949796                    /home/alison/.gradle/wrapper/dists/gradle-4.1-all/bzyivzo6n839fup2jbap0tjew/gradle-4.1/lib/gradle-installation-beacon-4.1.jar
7f8b9802f000-7f8b9806f000 r--s 00277000 08:01 6949917                    /home/alison/.gradle/wrapper/dists/gradle-4.1-all/bzyivzo6n839fup2jbap0tjew/gradle-4.1/lib/plugins/bcprov-jdk15on-1.51.jar
7f8b9806f000-7f8b98073000 r--s 0001d000 08:01 6949916                    /home/alison/.gradle/wrapper/dists/gradle-4.1-all/bzyivzo6n839fup2jbap0tjew/gradle-4.1/lib/plugins/xbean-reflect-3.4.jar
7f8b98073000-7f8b98075000 r--s 0000a000 08:01 6949918                    /home/alison/.gradle/wrapper/dists/gradle-4.1-all/bzyivzo6n839fup2jbap0tjew/gradle-4.1/lib/plugins/maven-settings-3.0.4.jar
7f8b98075000-7f8b98078000 r--s 00008000 08:01 6949919                    /home/alison/.gradle/wrapper/dists/gradle-4.1-all/bzyivzo6n839fup2jbap0tjew/gradle-4.1/lib/plugins/maven-settings-builder-3.0.4.jar
7f8b98078000-7f8b9807c000 r--s 00033000 08:01 6949920                    /home/alison/.gradle/wrapper/dists/gradle-4.1-all/bzyivzo6n839fup2jbap0tjew/gradle-4.1/lib/plugins/plexus-utils-2.0.6.jar
7f8b9807c000-7f8b9807e000 r--s 0000d000 08:01 6949921                    /home/alison/.gradle/wrapper/dists/gradle-4.1-all/bzyivzo6n839fup2jbap0tjew/gradle-4.1/lib/plugins/plexus-interpolation-1.14.jar
7f8b9807e000-7f8b98080000 r--s 00000000 08:01 6949896                    /home/alison/.gradle/wrapper/dists/gradle-4.1-all/bzyivzo6n839fup2jbap0tjew/gradle-4.1/lib/plugins/plexus-component-annotations-1.5.5.jar
7f8b98080000-7f8b98087000 r--s 0002e000 08:01 6949922                    /home/alison/.gradle/wrapper/dists/gradle-4.1-all/bzyivzo6n839fup2jbap0tjew/gradle-4.1/lib/plugins/plexus-container-default-1.5.5.jar
7f8b98087000-7f8b98089000 r--s 0000a000 08:01 6949923                    /home/alison/.gradle/wrapper/dists/gradle-4.1-all/bzyivzo6n839fup2jbap0tjew/gradle-4.1/lib/plugins/plexus-classworlds-2.4.jar
7f8b98089000-7f8b9808b000 r--s 00002000 08:01 6949924                    /home/alison/.gradle/wrapper/dists/gradle-4.1-all/bzyivzo6n839fup2jbap0tjew/gradle-4.1/lib/plugins/plexus-cipher-1.7.jar
7f8b9808b000-7f8b9808c000 r--s 00006000 08:01 6949925                    /home/alison/.gradle/wrapper/dists/gradle-4.1-all/bzyivzo6n839fup2jbap0tjew/gradle-4.1/lib/plugins/plexus-sec-dispatcher-1.3.jar
7f8b9808c000-7f8b98092000 r--s 0003f000 08:01 6949926                    /home/alison/.gradle/wrapper/dists/gradle-4.1-all/bzyivzo6n839fup2jbap0tjew/gradle-4.1/lib/plugins/maven-compat-3.0.4.jar
7f8b98092000-7f8b98096000 r--s 00021000 08:01 6949927                    /home/alison/.gradle/wrapper/dists/gradle-4.1-all/bzyivzo6n839fup2jbap0tjew/gradle-4.1/lib/plugins/maven-model-builder-3.0.4.jar
7f8b98096000-7f8b98098000 r--s 00026000 08:01 6949928                    /home/alison/.gradle/wrapper/dists/gradle-4.1-all/bzyivzo6n839fup2jbap0tjew/gradle-4.1/lib/plugins/maven-model-3.0.4.jar
7f8b98098000-7f8b9809a000 r--s 0000b000 08:01 6949929                    /home/alison/.gradle/wrapper/dists/gradle-4.1-all/bzyivzo6n839fup2jbap0tjew/gradle-4.1/lib/plugins/maven-artifact-3.0.4.jar
7f8b9809a000-7f8b9809c000 r--s 00006000 08:01 6949930                    /home/alison/.gradle/wrapper/dists/gradle-4.1-all/bzyivzo6n839fup2jbap0tjew/gradle-4.1/lib/plugins/maven-repository-metadata-3.0.4.jar
7f8b9809c000-7f8b9809e000 r--s 0000b000 08:01 6949931                    /home/alison/.gradle/wrapper/dists/gradle-4.1-all/bzyivzo6n839fup2jbap0tjew/gradle-4.1/lib/plugins/maven-plugin-api-3.0.4.jar
7f8b9809e000-7f8b980a0000 r--s 0000c000 08:01 6949932                    /home/alison/.gradle/wrapper/dists/gradle-4.1-all/bzyivzo6n839fup2jbap0tjew/gradle-4.1/lib/plugins/maven-aether-provider-3.0.4.jar
7f8b980a0000-7f8b980a1000 r--s 00002000 08:01 6949933                    /home/alison/.gradle/wrapper/dists/gradle-4.1-all/bzyivzo6n839fup2jbap0tjew/gradle-4.1/lib/plugins/wagon-file-2.4.jar
7f8b980a1000-7f8b980a2000 r--s 00002000 08:01 6949934                    /home/alison/.gradle/wrapper/dists/gradle-4.1-all/bzyivzo6n839fup2jbap0tjew/gradle-4.1/lib/plugins/wagon-http-2.4.jar
7f8b980a2000-7f8b980a4000 r--s 0000b000 08:01 6949935                    /home/alison/.gradle/wrapper/dists/gradle-4.1-all/bzyivzo6n839fup2jbap0tjew/gradle-4.1/lib/plugins/wagon-provider-api-2.4.jar
7f8b980a4000-7f8b980a5000 r--s 00007000 08:01 6949936                    /home/alison/.gradle/wrapper/dists/gradle-4.1-all/bzyivzo6n839fup2jbap0tjew/gradle-4.1/lib/plugins/wagon-http-shared4-2.4.jar
7f8b980a5000-7f8b980a8000 r--s 00013000 08:01 6949937                    /home/alison/.gradle/wrapper/dists/gradle-4.1-all/bzyivzo6n839fup2jbap0tjew/gradle-4.1/lib/plugins/aether-api-1.13.1.jar
7f8b980a8000-7f8b980ab000 r--s 0001d000 08:01 6949938                    /home/alison/.gradle/wrapper/dists/gradle-4.1-all/bzyivzo6n839fup2jbap0tjew/gradle-4.1/lib/plugins/aether-impl-1.13.1.jar
7f8b980ab000-7f8b980ac000 r--s 00003000 08:01 6949939                    /home/alison/.gradle/wrapper/dists/gradle-4.1-all/bzyivzo6n839fup2jbap0tjew/gradle-4.1/lib/plugins/aether-spi-1.13.1.jar
7f8b980ac000-7f8b980b0000 r--s 0001c000 08:01 6949940                    /home/alison/.gradle/wrapper/dists/gradle-4.1-all/bzyivzo6n839fup2jbap0tjew/gradle-4.1/lib/plugins/aether-util-1.13.1.jar
7f8b980b0000-7f8b980b2000 r--s 00006000 08:01 6949941                    /home/alison/.gradle/wrapper/dists/gradle-4.1-all/bzyivzo6n839fup2jbap0tjew/gradle-4.1/lib/plugins/aether-connector-wagon-1.13.1.jar
7f8b980b2000-7f8b980be000 r--s 0007d000 08:01 6949893                    /home/alison/.gradle/wrapper/dists/gradle-4.1-all/bzyivzo6n839fup2jbap0tjew/gradle-4.1/lib/plugins/maven-core-3.0.4.jar
7f8b980be000-7f8b980c3000 r--s 00034000 08:01 6949900                    /home/alison/.gradle/wrapper/dists/gradle-4.1-all/bzyivzo6n839fup2jbap0tjew/gradle-4.1/lib/plugins/gson-2.7.jar
7f8b980c3000-7f8b980c8000 r--s 00040000 08:01 6949908                    /home/alison/.gradle/wrapper/dists/gradle-4.1-all/bzyivzo6n839fup2jbap0tjew/gradle-4.1/lib/plugins/jsch-0.1.54.jar
7f8b980c8000-7f8b980d7000 r--s 000d9000 08:01 6949907                    /home/alison/.gradle/wrapper/dists/gradle-4.1-all/bzyivzo6n839fup2jbap0tjew/gradle-4.1/lib/plugins/ivy-2.2.0.jar
7f8b980d7000-7f8b980fb000 r--s 0011a000 08:01 6949888                    /home/alison/.gradle/wrapper/dists/gradle-4.1-all/bzyivzo6n839fup2jbap0tjew/gradle-4.1/lib/plugins/gradle-dependency-management-4.1.jar
7f8b980fb000-7f8b980fe000 r--s 0000d000 08:01 6949887                    /home/alison/.gradle/wrapper/dists/gradle-4.1-all/bzyivzo6n839fup2jbap0tjew/gradle-4.1/lib/plugins/gradle-workers-4.1.jar
7f8b980fe000-7f8b980ff000 r--s 00006000 08:01 6949795                    /home/alison/.gradle/wrapper/dists/gradle-4.1-all/bzyivzo6n839fup2jbap0tjew/gradle-4.1/lib/gradle-wrapper-4.1.jar
7f8b980ff000-7f8b9810c000 r--s 00043000 08:01 6949767                    /home/alison/.gradle/wrapper/dists/gradle-4.1-all/bzyivzo6n839fup2jbap0tjew/gradle-4.1/lib/gradle-tooling-api-4.1.jar
7f8b9810c000-7f8b9811b000 r--s 000c8000 08:01 6949764                    /home/alison/.gradle/wrapper/dists/gradle-4.1-all/bzyivzo6n839fup2jbap0tjew/gradle-4.1/lib/kotlin-stdlib-1.1.3-2.jar
7f8b9811b000-7f8b9814d000 r--s 0021b000 08:01 6949763                    /home/alison/.gradle/wrapper/dists/gradle-4.1-all/bzyivzo6n839fup2jbap0tjew/gradle-4.1/lib/kotlin-reflect-1.1.3-2.jar
7f8b9814d000-7f8b98304000 r--s 01786000 08:01 6949762                    /home/alison/.gradle/wrapper/dists/gradle-4.1-all/bzyivzo6n839fup2jbap0tjew/gradle-4.1/lib/kotlin-compiler-embeddable-1.1.3-2.jar
7f8b98304000-7f8b98305000 r--s 00000000 08:01 6949761                    /home/alison/.gradle/wrapper/dists/gradle-4.1-all/bzyivzo6n839fup2jbap0tjew/gradle-4.1/lib/gradle-kotlin-dsl-tooling-models-0.10.3.jar
7f8b98305000-7f8b98306000 r--s 00001000 08:01 6949759                    /home/alison/.gradle/wrapper/dists/gradle-4.1-all/bzyivzo6n839fup2jbap0tjew/gradle-4.1/lib/gradle-kotlin-dsl-compiler-plugin-0.10.3.jar
7f8b98306000-7f8b98308000 r--s 00003000 08:01 6949757                    /home/alison/.gradle/wrapper/dists/gradle-4.1-all/bzyivzo6n839fup2jbap0tjew/gradle-4.1/lib/annotations-13.0.jar
7f8b98308000-7f8b98312000 r--s 00073000 08:01 6949758                    /home/alison/.gradle/wrapper/dists/gradle-4.1-all/bzyivzo6n839fup2jbap0tjew/gradle-4.1/lib/gradle-kotlin-dsl-0.10.3.jar
7f8b98312000-7f8b98317000 r--s 00013000 08:01 6949801                    /home/alison/.gradle/wrapper/dists/gradle-4.1-all/bzyivzo6n839fup2jbap0tjew/gradle-4.1/lib/gradle-resources-4.1.jar
7f8b98317000-7f8b98319000 r--s 00005000 08:01 6949808                    /home/alison/.gradle/wrapper/dists/gradle-4.1-all/bzyivzo6n839fup2jbap0tjew/gradle-4.1/lib/gradle-cli-4.1.jar
7f8b98319000-7f8b9831b000 r--s 00003000 08:01 6949815                    /home/alison/.gradle/wrapper/dists/gradle-4.1-all/bzyivzo6n839fup2jbap0tjew/gradle-4.1/lib/jcl-over-slf4j-1.7.10.jar
7f8b9831b000-7f8b9831c000 r--s 00005000 08:01 6949814                    /home/alison/.gradle/wrapper/dists/gradle-4.1-all/bzyivzo6n839fup2jbap0tjew/gradle-4.1/lib/log4j-over-slf4j-1.7.10.jar
7f8b9831c000-7f8b9831e000 r--s 00000000 08:01 6949813                    /home/alison/.gradle/wrapper/dists/gradle-4.1-all/bzyivzo6n839fup2jbap0tjew/gradle-4.1/lib/jul-to-slf4j-1.7.10.jar
7f8b9831e000-7f8b98325000 r--s 0002c000 08:01 6949799                    /home/alison/.gradle/wrapper/dists/gradle-4.1-all/bzyivzo6n839fup2jbap0tjew/gradle-4.1/lib/gradle-logging-4.1.jar
7f8b98325000-7f8b98335000 r--s 00082000 08:01 6949804                    /home/alison/.gradle/wrapper/dists/gradle-4.1-all/bzyivzo6n839fup2jbap0tjew/gradle-4.1/lib/gradle-model-core-4.1.jar
7f8b98335000-7f8b98337000 r--s 00006000 08:01 6949805                    /home/alison/.gradle/wrapper/dists/gradle-4.1-all/bzyivzo6n839fup2jbap0tjew/gradle-4.1/lib/gradle-base-services-groovy-4.1.jar
7f8b98337000-7f8b98339000 r--s 00007000 08:01 6949803                    /home/alison/.gradle/wrapper/dists/gradle-4.1-all/bzyivzo6n839fup2jbap0tjew/gradle-4.1/lib/gradle-model-groovy-4.1.jar
7f8b98339000-7f8b9833a000 r--s 00002000 08:01 6949826                    /home/alison/.gradle/wrapper/dists/gradle-4.1-all/bzyivzo6n839fup2jbap0tjew/gradle-4.1/lib/gradle-docs-4.1.jar
7f8b9833a000-7f8b98347000 r--s 00083000 08:01 6949824                    /home/alison/.gradle/wrapper/dists/gradle-4.1-all/bzyivzo6n839fup2jbap0tjew/gradle-4.1/lib/commons-collections-3.2.2.jar
7f8b98347000-7f8b98348000 r--s 00000000 08:01 6949823                    /home/alison/.gradle/wrapper/dists/gradle-4.1-all/bzyivzo6n839fup2jbap0tjew/gradle-4.1/lib/javax.inject-1.jar
7f8b98348000-7f8b983b8000 r--s 00645000 08:01 6949821                    /home/alison/.gradle/wrapper/dists/gradle-4.1-all/bzyivzo6n839fup2jbap0tjew/gradle-4.1/lib/groovy-all-2.4.11.jar
7f8b983b8000-7f8b983bb000 r--s 00023000 08:01 6949827                    /home/alison/.gradle/wrapper/dists/gradle-4.1-all/bzyivzo6n839fup2jbap0tjew/gradle-4.1/lib/jansi-1.14.jar
7f8b983bb000-7f8b983bc000 r--s 00004000 08:01 6949829                    /home/alison/.gradle/wrapper/dists/gradle-4.1-all/bzyivzo6n839fup2jbap0tjew/gradle-4.1/lib/native-platform-freebsd-amd64-libcpp-0.14.jar
7f8b983bc000-7f8b983bd000 r--s 00004000 08:01 6949830                    /home/alison/.gradle/wrapper/dists/gradle-4.1-all/bzyivzo6n839fup2jbap0tjew/gradle-4.1/lib/native-platform-freebsd-amd64-libstdcpp-0.14.jar
7f8b983bd000-7f8b983be000 r--s 00004000 08:01 6949831                    /home/alison/.gradle/wrapper/dists/gradle-4.1-all/bzyivzo6n839fup2jbap0tjew/gradle-4.1/lib/native-platform-freebsd-i386-libcpp-0.14.jar
7f8b983be000-7f8b983bf000 r--s 00003000 08:01 6949832                    /home/alison/.gradle/wrapper/dists/gradle-4.1-all/bzyivzo6n839fup2jbap0tjew/gradle-4.1/lib/native-platform-freebsd-i386-libstdcpp-0.14.jar
7f8b983bf000-7f8b983c0000 r--s 00002000 08:01 6949833                    /home/alison/.gradle/wrapper/dists/gradle-4.1-all/bzyivzo6n839fup2jbap0tjew/gradle-4.1/lib/native-platform-linux-amd64-0.14.jar
7f8b983c0000-7f8b983c1000 r--s 00002000 08:01 6949834                    /home/alison/.gradle/wrapper/dists/gradle-4.1-all/bzyivzo6n839fup2jbap0tjew/gradle-4.1/lib/native-platform-linux-i386-0.14.jar
7f8b983c1000-7f8b983c3000 r--s 00002000 08:01 6949835                    /home/alison/.gradle/wrapper/dists/gradle-4.1-all/bzyivzo6n839fup2jbap0tjew/gradle-4.1/lib/native-platform-osx-amd64-0.14.jar
7f8b983c3000-7f8b983c4000 r--s 00003000 08:01 6949836                    /home/alison/.gradle/wrapper/dists/gradle-4.1-all/bzyivzo6n839fup2jbap0tjew/gradle-4.1/lib/native-platform-osx-i386-0.14.jar
7f8b983c4000-7f8b983c6000 r--s 0000b000 08:01 6949837                    /home/alison/.gradle/wrapper/dists/gradle-4.1-all/bzyivzo6n839fup2jbap0tjew/gradle-4.1/lib/native-platform-windows-amd64-0.14.jar
7f8b983c6000-7f8b983c7000 r--s 0000b000 08:01 6949838                    /home/alison/.gradle/wrapper/dists/gradle-4.1-all/bzyivzo6n839fup2jbap0tjew/gradle-4.1/lib/native-platform-windows-i386-0.14.jar
7f8b983c7000-7f8b983c8000 r--s 00001000 08:01 6949839                    /home/alison/.gradle/wrapper/dists/gradle-4.1-all/bzyivzo6n839fup2jbap0tjew/gradle-4.1/lib/native-platform-linux-amd64-ncurses5-0.14.jar
7f8b983c8000-7f8b983c9000 r--s 00001000 08:01 6949840                    /home/alison/.gradle/wrapper/dists/gradle-4.1-all/bzyivzo6n839fup2jbap0tjew/gradle-4.1/lib/native-platform-linux-amd64-ncurses6-0.14.jar
7f8b983c9000-7f8b983cd000 r--s 00012000 08:01 6949825                    /home/alison/.gradle/wrapper/dists/gradle-4.1-all/bzyivzo6n839fup2jbap0tjew/gradle-4.1/lib/native-platform-0.14.jar
7f8b983cd000-7f8b983d0000 r--s 0000c000 08:01 6949802                    /home/alison/.gradle/wrapper/dists/gradle-4.1-all/bzyivzo6n839fup2jbap0tjew/gradle-4.1/lib/gradle-native-4.1.jar
7f8b983d0000-7f8b983f8000 r--s 001cf000 08:01 6949817                    /home/alison/.gradle/wrapper/dists/gradle-4.1-all/bzyivzo6n839fup2jbap0tjew/gradle-4.1/lib/guava-jdk5-17.0.jar
7f8b983f8000-7f8b98417000 r--s 001d1000 08:01 6949822                    /home/alison/.gradle/wrapper/dists/gradle-4.1-all/bzyivzo6n839fup2jbap0tjew/gradle-4.1/lib/ant-1.9.6.jar
7f8b98417000-7f8b98418000 ---p 00000000 00:00 0 
7f8b98418000-7f8b98518000 rw-p 00000000 00:00 0 
7f8b98518000-7f8b9851b000 ---p 00000000 00:00 0 
7f8b9851b000-7f8b98619000 rw-p 00000000 00:00 0 
7f8b98619000-7f8b9861c000 ---p 00000000 00:00 0 
7f8b9861c000-7f8b9871a000 rw-p 00000000 00:00 0 
7f8b9871a000-7f8b9871d000 ---p 00000000 00:00 0 
7f8b9871d000-7f8b9881b000 rw-p 00000000 00:00 0 
7f8b9881b000-7f8b9881e000 ---p 00000000 00:00 0 
7f8b9881e000-7f8b9891c000 rw-p 00000000 00:00 0 
7f8b9891c000-7f8b98bf4000 r--p 00000000 08:01 3145740                    /usr/lib/locale/locale-archive
7f8b98bf4000-7f8b98bf7000 ---p 00000000 00:00 0 
7f8b98bf7000-7f8b98cf5000 rw-p 00000000 00:00 0 
7f8b98cf5000-7f8b98cf8000 ---p 00000000 00:00 0 
7f8b98cf8000-7f8b98df6000 rw-p 00000000 00:00 0 
7f8b98df6000-7f8b98df7000 ---p 00000000 00:00 0 
7f8b98df7000-7f8b9d000000 rw-p 00000000 00:00 0 
7f8b9d000000-7f8b9db90000 rwxp 00000000 00:00 0 
7f8b9db90000-7f8bac000000 ---p 00000000 00:00 0 
7f8bac000000-7f8bacc80000 rw-p 00000000 00:00 0 
7f8bacc80000-7f8bb0000000 ---p 00000000 00:00 0 
7f8bb0000000-7f8bb0001000 r--s 00001000 08:01 6949841                    /home/alison/.gradle/wrapper/dists/gradle-4.1-all/bzyivzo6n839fup2jbap0tjew/gradle-4.1/lib/native-platform-linux-i386-ncurses5-0.14.jar
7f8bb0001000-7f8bb0003000 r--s 0000f000 08:01 6949810                    /home/alison/.gradle/wrapper/dists/gradle-4.1-all/bzyivzo6n839fup2jbap0tjew/gradle-4.1/lib/reflectasm-1.07-shaded.jar
7f8bb0003000-7f8bb0005000 r--s 00000000 08:01 6949843                    /home/alison/.gradle/wrapper/dists/gradle-4.1-all/bzyivzo6n839fup2jbap0tjew/gradle-4.1/lib/minlog-1.2.jar
7f8bb0005000-7f8bb0007000 r--s 00007000 08:01 6949844                    /home/alison/.gradle/wrapper/dists/gradle-4.1-all/bzyivzo6n839fup2jbap0tjew/gradle-4.1/lib/objenesis-1.2.jar
7f8bb0007000-7f8bb000b000 r--s 00026000 08:01 6949809                    /home/alison/.gradle/wrapper/dists/gradle-4.1-all/bzyivzo6n839fup2jbap0tjew/gradle-4.1/lib/kryo-2.20.jar
7f8bb000b000-7f8bb0011000 r--s 0002b000 08:01 6949806                    /home/alison/.gradle/wrapper/dists/gradle-4.1-all/bzyivzo6n839fup2jbap0tjew/gradle-4.1/lib/gradle-messaging-4.1.jar
7f8bb0011000-7f8bb0013000 r--s 00006000 08:01 6949800                    /home/alison/.gradle/wrapper/dists/gradle-4.1-all/bzyivzo6n839fup2jbap0tjew/gradle-4.1/lib/gradle-process-services-4.1.jar
7f8bb0013000-7f8bb0018000 r--s 00041000 08:01 6949819                    /home/alison/.gradle/wrapper/dists/gradle-4.1-all/bzyivzo6n839fup2jbap0tjew/gradle-4.1/lib/commons-lang-2.6.jar
7f8bb0018000-7f8bb0062000 r--s 00253000 08:01 6949797                    /home/alison/.gradle/wrapper/dists/gradle-4.1-all/bzyivzo6n839fup2jbap0tjew/gradle-4.1/lib/gradle-core-4.1.jar
7f8bb0062000-7f8bb00f2000 rw-p 00000000 00:00 0 
7f8bb00f2000-7f8bb02c2000 r--s 03c46000 08:01 8130097                    /home/alison/android-studio/jre/jre/lib/rt.jar
7f8bb02c2000-7f8bb0638000 rw-p 00000000 00:00 0 
7f8bb0638000-7f8bb0639000 ---p 00000000 00:00 0 
7f8bb0639000-7f8bb0739000 rw-p 00000000 00:00 0 
7f8bb0739000-7f8bb073a000 ---p 00000000 00:00 0 
7f8bb073a000-7f8bb084a000 rw-p 00000000 00:00 0 
7f8bb084a000-7f8bb0a3a000 ---p 00000000 00:00 0 
7f8bb0a3a000-7f8bb0a4a000 rw-p 00000000 00:00 0 
7f8bb0a4a000-7f8bb0c3a000 ---p 00000000 00:00 0 
7f8bb0c3a000-7f8bb0c97000 rw-p 00000000 00:00 0 
7f8bb0c97000-7f8bb0d3a000 ---p 00000000 00:00 0 
7f8bb0d3a000-7f8bb0d6a000 rw-p 00000000 00:00 0 
7f8bb0d6a000-7f8bb10fb000 ---p 00000000 00:00 0 
7f8bb10fb000-7f8bb1115000 r-xp 00000000 08:01 8130159                    /home/alison/android-studio/jre/jre/lib/amd64/libzip.so
7f8bb1115000-7f8bb1315000 ---p 0001a000 08:01 8130159                    /home/alison/android-studio/jre/jre/lib/amd64/libzip.so
7f8bb1315000-7f8bb1316000 r--p 0001a000 08:01 8130159                    /home/alison/android-studio/jre/jre/lib/amd64/libzip.so
7f8bb1316000-7f8bb1317000 rw-p 0001b000 08:01 8130159                    /home/alison/android-studio/jre/jre/lib/amd64/libzip.so
7f8bb1317000-7f8bb1322000 r-xp 00000000 08:01 9450266                    /lib/x86_64-linux-gnu/libnss_files-2.23.so
7f8bb1322000-7f8bb1521000 ---p 0000b000 08:01 9450266                    /lib/x86_64-linux-gnu/libnss_files-2.23.so
7f8bb1521000-7f8bb1522000 r--p 0000a000 08:01 9450266                    /lib/x86_64-linux-gnu/libnss_files-2.23.so
7f8bb1522000-7f8bb1523000 rw-p 0000b000 08:01 9450266                    /lib/x86_64-linux-gnu/libnss_files-2.23.so
7f8bb1523000-7f8bb1529000 rw-p 00000000 00:00 0 
7f8bb1529000-7f8bb1534000 r-xp 00000000 08:01 9450270                    /lib/x86_64-linux-gnu/libnss_nis-2.23.so
7f8bb1534000-7f8bb1733000 ---p 0000b000 08:01 9450270                    /lib/x86_64-linux-gnu/libnss_nis-2.23.so
7f8bb1733000-7f8bb1734000 r--p 0000a000 08:01 9450270                    /lib/x86_64-linux-gnu/libnss_nis-2.23.so
7f8bb1734000-7f8bb1735000 rw-p 0000b000 08:01 9450270                    /lib/x86_64-linux-gnu/libnss_nis-2.23.so
7f8bb1735000-7f8bb174b000 r-xp 00000000 08:01 9450250                    /lib/x86_64-linux-gnu/libnsl-2.23.so
7f8bb174b000-7f8bb194a000 ---p 00016000 08:01 9450250                    /lib/x86_64-linux-gnu/libnsl-2.23.so
7f8bb194a000-7f8bb194b000 r--p 00015000 08:01 9450250                    /lib/x86_64-linux-gnu/libnsl-2.23.so
7f8bb194b000-7f8bb194c000 rw-p 00016000 08:01 9450250                    /lib/x86_64-linux-gnu/libnsl-2.23.so
7f8bb194c000-7f8bb194e000 rw-p 00000000 00:00 0 
7f8bb194e000-7f8bb1956000 r-xp 00000000 08:01 9450261                    /lib/x86_64-linux-gnu/libnss_compat-2.23.so
7f8bb1956000-7f8bb1b55000 ---p 00008000 08:01 9450261                    /lib/x86_64-linux-gnu/libnss_compat-2.23.so
7f8bb1b55000-7f8bb1b56000 r--p 00007000 08:01 9450261                    /lib/x86_64-linux-gnu/libnss_compat-2.23.so
7f8bb1b56000-7f8bb1b57000 rw-p 00008000 08:01 9450261                    /lib/x86_64-linux-gnu/libnss_compat-2.23.so
7f8bb1b57000-7f8bb1b84000 r-xp 00000000 08:01 8130139                    /home/alison/android-studio/jre/jre/lib/amd64/libjava.so
7f8bb1b84000-7f8bb1d83000 ---p 0002d000 08:01 8130139                    /home/alison/android-studio/jre/jre/lib/amd64/libjava.so
7f8bb1d83000-7f8bb1d84000 r--p 0002c000 08:01 8130139                    /home/alison/android-studio/jre/jre/lib/amd64/libjava.so
7f8bb1d84000-7f8bb1d86000 rw-p 0002d000 08:01 8130139                    /home/alison/android-studio/jre/jre/lib/amd64/libjava.so
7f8bb1d86000-7f8bb1d96000 r-xp 00000000 08:01 8130171                    /home/alison/android-studio/jre/jre/lib/amd64/libverify.so
7f8bb1d96000-7f8bb1f95000 ---p 00010000 08:01 8130171                    /home/alison/android-studio/jre/jre/lib/amd64/libverify.so
7f8bb1f95000-7f8bb1f97000 r--p 0000f000 08:01 8130171                    /home/alison/android-studio/jre/jre/lib/amd64/libverify.so
7f8bb1f97000-7f8bb1f98000 rw-p 00011000 08:01 8130171                    /home/alison/android-studio/jre/jre/lib/amd64/libverify.so
7f8bb1f98000-7f8bb1f9f000 r-xp 00000000 08:01 9450271                    /lib/x86_64-linux-gnu/librt-2.23.so
7f8bb1f9f000-7f8bb219e000 ---p 00007000 08:01 9450271                    /lib/x86_64-linux-gnu/librt-2.23.so
7f8bb219e000-7f8bb219f000 r--p 00006000 08:01 9450271                    /lib/x86_64-linux-gnu/librt-2.23.so
7f8bb219f000-7f8bb21a0000 rw-p 00007000 08:01 9450271                    /lib/x86_64-linux-gnu/librt-2.23.so
7f8bb21a0000-7f8bb22a8000 r-xp 00000000 08:01 9450249                    /lib/x86_64-linux-gnu/libm-2.23.so
7f8bb22a8000-7f8bb24a7000 ---p 00108000 08:01 9450249                    /lib/x86_64-linux-gnu/libm-2.23.so
7f8bb24a7000-7f8bb24a8000 r--p 00107000 08:01 9450249                    /lib/x86_64-linux-gnu/libm-2.23.so
7f8bb24a8000-7f8bb24a9000 rw-p 00108000 08:01 9450249                    /lib/x86_64-linux-gnu/libm-2.23.so
7f8bb24a9000-7f8bb30a1000 r-xp 00000000 08:01 8130158                    /home/alison/android-studio/jre/jre/lib/amd64/server/libjvm.so
7f8bb30a1000-7f8bb32a1000 ---p 00bf8000 08:01 8130158                    /home/alison/android-studio/jre/jre/lib/amd64/server/libjvm.so
7f8bb32a1000-7f8bb3340000 r--p 00bf8000 08:01 8130158                    /home/alison/android-studio/jre/jre/lib/amd64/server/libjvm.so
7f8bb3340000-7f8bb3369000 rw-p 00c97000 08:01 8130158                    /home/alison/android-studio/jre/jre/lib/amd64/server/libjvm.so
7f8bb3369000-7f8bb33ad000 rw-p 00000000 00:00 0 
7f8bb33ad000-7f8bb33c5000 r-xp 00000000 08:01 9450252                    /lib/x86_64-linux-gnu/libpthread-2.23.so
7f8bb33c5000-7f8bb35c4000 ---p 00018000 08:01 9450252                    /lib/x86_64-linux-gnu/libpthread-2.23.so
7f8bb35c4000-7f8bb35c5000 r--p 00017000 08:01 9450252                    /lib/x86_64-linux-gnu/libpthread-2.23.so
7f8bb35c5000-7f8bb35c6000 rw-p 00018000 08:01 9450252                    /lib/x86_64-linux-gnu/libpthread-2.23.so
7f8bb35c6000-7f8bb35ca000 rw-p 00000000 00:00 0 
7f8bb35ca000-7f8bb35cd000 r-xp 00000000 08:01 9450255                    /lib/x86_64-linux-gnu/libdl-2.23.so
7f8bb35cd000-7f8bb37cc000 ---p 00003000 08:01 9450255                    /lib/x86_64-linux-gnu/libdl-2.23.so
7f8bb37cc000-7f8bb37cd000 r--p 00002000 08:01 9450255                    /lib/x86_64-linux-gnu/libdl-2.23.so
7f8bb37cd000-7f8bb37ce000 rw-p 00003000 08:01 9450255                    /lib/x86_64-linux-gnu/libdl-2.23.so
7f8bb37ce000-7f8bb398e000 r-xp 00000000 08:01 9450253                    /lib/x86_64-linux-gnu/libc-2.23.so
7f8bb398e000-7f8bb3b8e000 ---p 001c0000 08:01 9450253                    /lib/x86_64-linux-gnu/libc-2.23.so
7f8bb3b8e000-7f8bb3b92000 r--p 001c0000 08:01 9450253                    /lib/x86_64-linux-gnu/libc-2.23.so
7f8bb3b92000-7f8bb3b94000 rw-p 001c4000 08:01 9450253                    /lib/x86_64-linux-gnu/libc-2.23.so
7f8bb3b94000-7f8bb3b98000 rw-p 00000000 00:00 0 
7f8bb3b98000-7f8bb3bae000 r-xp 00000000 08:01 8130060                    /home/alison/android-studio/jre/lib/amd64/jli/libjli.so
7f8bb3bae000-7f8bb3dad000 ---p 00016000 08:01 8130060                    /home/alison/android-studio/jre/lib/amd64/jli/libjli.so
7f8bb3dad000-7f8bb3dae000 r--p 00015000 08:01 8130060                    /home/alison/android-studio/jre/lib/amd64/jli/libjli.so
7f8bb3dae000-7f8bb3daf000 rw-p 00016000 08:01 8130060                    /home/alison/android-studio/jre/lib/amd64/jli/libjli.so
7f8bb3daf000-7f8bb3dd5000 r-xp 00000000 08:01 9450251                    /lib/x86_64-linux-gnu/ld-2.23.so
7f8bb3dd5000-7f8bb3dd6000 r--s 00001000 08:01 6949842                    /home/alison/.gradle/wrapper/dists/gradle-4.1-all/bzyivzo6n839fup2jbap0tjew/gradle-4.1/lib/native-platform-linux-i386-ncurses6-0.14.jar
7f8bb3dd6000-7f8bb3dd8000 r--s 00000000 08:01 6949798                    /home/alison/.gradle/wrapper/dists/gradle-4.1-all/bzyivzo6n839fup2jbap0tjew/gradle-4.1/lib/gradle-jvm-services-4.1.jar
7f8bb3dd8000-7f8bb3ddb000 r--s 00006000 08:01 6949818                    /home/alison/.gradle/wrapper/dists/gradle-4.1-all/bzyivzo6n839fup2jbap0tjew/gradle-4.1/lib/jsr305-1.3.9.jar
7f8bb3ddb000-7f8bb3ddf000 r--s 00027000 08:01 6949812                    /home/alison/.gradle/wrapper/dists/gradle-4.1-all/bzyivzo6n839fup2jbap0tjew/gradle-4.1/lib/commons-io-2.2.jar
7f8bb3ddf000-7f8bb3de7000 r--s 000bd000 08:01 6949811                    /home/alison/.gradle/wrapper/dists/gradle-4.1-all/bzyivzo6n839fup2jbap0tjew/gradle-4.1/lib/asm-debug-all-6.0_ALPHA.jar
7f8bb3de7000-7f8bb3df3000 r--s 00053000 08:01 6949807                    /home/alison/.gradle/wrapper/dists/gradle-4.1-all/bzyivzo6n839fup2jbap0tjew/gradle-4.1/lib/gradle-base-services-4.1.jar
7f8bb3df3000-7f8bb3eb5000 rw-p 00000000 00:00 0 
7f8bb3eb5000-7f8bb3eb8000 ---p 00000000 00:00 0 
7f8bb3eb8000-7f8bb3fba000 rw-p 00000000 00:00 0 
7f8bb3fba000-7f8bb3fbb000 r--s 00000000 08:01 6949820                    /home/alison/.gradle/wrapper/dists/gradle-4.1-all/bzyivzo6n839fup2jbap0tjew/gradle-4.1/lib/jcip-annotations-1.0.jar
7f8bb3fbb000-7f8bb3fbc000 r--s 00007000 08:01 6949816                    /home/alison/.gradle/wrapper/dists/gradle-4.1-all/bzyivzo6n839fup2jbap0tjew/gradle-4.1/lib/slf4j-api-1.7.10.jar
7f8bb3fbc000-7f8bb3fbd000 r--s 00004000 08:01 6949828                    /home/alison/.gradle/wrapper/dists/gradle-4.1-all/bzyivzo6n839fup2jbap0tjew/gradle-4.1/lib/ant-launcher-1.9.6.jar
7f8bb3fbd000-7f8bb3fc9000 r--s 0005c000 08:01 6949765                    /home/alison/.gradle/wrapper/dists/gradle-4.1-all/bzyivzo6n839fup2jbap0tjew/gradle-4.1/lib/gradle-launcher-4.1.jar
7f8bb3fc9000-7f8bb3fd1000 rw-s 00000000 08:01 7871402                    /tmp/hsperfdata_alison/6596
7f8bb3fd1000-7f8bb3fd2000 rw-p 00000000 00:00 0 
7f8bb3fd2000-7f8bb3fd3000 ---p 00000000 00:00 0 
7f8bb3fd3000-7f8bb3fd4000 rw-p 00000000 00:00 0 
7f8bb3fd4000-7f8bb3fd5000 r--p 00025000 08:01 9450251                    /lib/x86_64-linux-gnu/ld-2.23.so
7f8bb3fd5000-7f8bb3fd6000 rw-p 00026000 08:01 9450251                    /lib/x86_64-linux-gnu/ld-2.23.so
7f8bb3fd6000-7f8bb3fd7000 rw-p 00000000 00:00 0 
7ffcb5b76000-7ffcb5b97000 rw-p 00000000 00:00 0                          [stack]
7ffcb5be2000-7ffcb5be5000 r--p 00000000 00:00 0                          [vvar]
7ffcb5be5000-7ffcb5be7000 r-xp 00000000 00:00 0                          [vdso]
ffffffffff600000-ffffffffff601000 r-xp 00000000 00:00 0                  [vsyscall]

VM Arguments:
jvm_args: -Xmx1536m -Dfile.encoding=UTF-8 -Duser.country=US -Duser.language=en -Duser.variant 
java_command: org.gradle.launcher.daemon.bootstrap.GradleDaemon 4.1
java_class_path (initial): /home/alison/.gradle/wrapper/dists/gradle-4.1-all/bzyivzo6n839fup2jbap0tjew/gradle-4.1/lib/gradle-launcher-4.1.jar
Launcher Type: SUN_STANDARD

Environment Variables:
JAVA_HOME=/usr/lib/jvm/java-9-oracle
PATH=/home/alison/.local/share/umake/bin:/home/alison/bin:/home/alison/.local/bin:/usr/local/sbin:/usr/local/bin:/usr/sbin:/usr/bin:/sbin:/bin:/usr/games:/usr/local/games:/snap/bin:/usr/lib/jvm/java-9-oracle/bin:/usr/lib/jvm/java-9-oracle/db/bin
LD_LIBRARY_PATH=/home/alison/android-studio/bin:
SHELL=/bin/bash
DISPLAY=:0

Signal Handlers:
SIGSEGV: [libjvm.so+0x9ebc60], sa_mask[0]=11111111011111111101111111111110, sa_flags=SA_RESTART|SA_SIGINFO
SIGBUS: [libjvm.so+0x9ebc60], sa_mask[0]=11111111011111111101111111111110, sa_flags=SA_RESTART|SA_SIGINFO
SIGFPE: [libjvm.so+0x84cf60], sa_mask[0]=11111111011111111101111111111110, sa_flags=SA_RESTART|SA_SIGINFO
SIGPIPE: [libjvm.so+0x84cf60], sa_mask[0]=11111111011111111101111111111110, sa_flags=SA_RESTART|SA_SIGINFO
SIGXFSZ: [libjvm.so+0x84cf60], sa_mask[0]=11111111011111111101111111111110, sa_flags=SA_RESTART|SA_SIGINFO
SIGILL: [libjvm.so+0x84cf60], sa_mask[0]=11111111011111111101111111111110, sa_flags=SA_RESTART|SA_SIGINFO
SIGUSR1: SIG_DFL, sa_mask[0]=00000000000000000000000000000000, sa_flags=none
SIGUSR2: [libjvm.so+0x84ce30], sa_mask[0]=00100000000000000000000000000000, sa_flags=SA_RESTART|SA_SIGINFO
SIGHUP: [libjvm.so+0x84d020], sa_mask[0]=11111111011111111101111111111110, sa_flags=SA_RESTART|SA_SIGINFO
SIGINT: [libjvm.so+0x84d020], sa_mask[0]=11111111011111111101111111111110, sa_flags=SA_RESTART|SA_SIGINFO
SIGTERM: [libjvm.so+0x84d020], sa_mask[0]=11111111011111111101111111111110, sa_flags=SA_RESTART|SA_SIGINFO
SIGQUIT: [libjvm.so+0x84d020], sa_mask[0]=11111111011111111101111111111110, sa_flags=SA_RESTART|SA_SIGINFO


---------------  S Y S T E M  ---------------

OS:DISTRIB_ID=Ubuntu
DISTRIB_RELEASE=16.04
DISTRIB_CODENAME=xenial
DISTRIB_DESCRIPTION="Ubuntu 16.04.4 LTS"

uname:Linux 4.13.0-38-generic #43~16.04.1-Ubuntu SMP Wed Mar 14 17:48:43 UTC 2018 x86_64
libc:glibc 2.23 NPTL 2.23 
rlimit: STACK 8192k, CORE 0k, NPROC 14773, NOFILE 1048576, AS infinity
load average:1.74 0.86 0.66

/proc/meminfo:
MemTotal:        3834756 kB
MemFree:          115000 kB
MemAvailable:     200492 kB
Buffers:           12512 kB
Cached:           553548 kB
SwapCached:          352 kB
Active:          2763508 kB
Inactive:         754584 kB
Active(anon):    2638228 kB
Inactive(anon):   615756 kB
Active(file):     125280 kB
Inactive(file):   138828 kB
Unevictable:          64 kB
Mlocked:              64 kB
SwapTotal:       3986428 kB
SwapFree:        3947248 kB
Dirty:               528 kB
Writeback:             0 kB
AnonPages:       2951796 kB
Mapped:           223916 kB
Shmem:            304172 kB
Slab:              88668 kB
SReclaimable:      50280 kB
SUnreclaim:        38388 kB
KernelStack:       10976 kB
PageTables:        47696 kB
NFS_Unstable:          0 kB
Bounce:                0 kB
WritebackTmp:          0 kB
CommitLimit:     5903804 kB
Committed_AS:    8982460 kB
VmallocTotal:   34359738367 kB
VmallocUsed:           0 kB
VmallocChunk:          0 kB
HardwareCorrupted:     0 kB
AnonHugePages:      2048 kB
ShmemHugePages:        0 kB
ShmemPmdMapped:        0 kB
CmaTotal:              0 kB
CmaFree:               0 kB
HugePages_Total:       0
HugePages_Free:        0
HugePages_Rsvd:        0
HugePages_Surp:        0
Hugepagesize:       2048 kB
DirectMap4k:      149760 kB
DirectMap2M:     3837952 kB


CPU:total 2 (initial active 2) (2 cores per cpu, 1 threads per core) family 6 model 37 stepping 5, cmov, cx8, fxsr, mmx, sse, sse2, sse3, ssse3, popcnt, tsc, tscinvbit

/proc/cpuinfo:
processor	: 0
vendor_id	: GenuineIntel
cpu family	: 6
model		: 37
model name	: Intel(R) Pentium(R) CPU        P6200  @ 2.13GHz
stepping	: 5
microcode	: 0x2
cpu MHz		: 2128.071
cache size	: 3072 KB
physical id	: 0
siblings	: 2
core id		: 0
cpu cores	: 2
apicid		: 0
initial apicid	: 0
fpu		: yes
fpu_exception	: yes
cpuid level	: 11
wp		: yes
flags		: fpu vme de pse tsc msr pae mce cx8 apic sep mtrr pge mca cmov pat pse36 clflush dts acpi mmx fxsr sse sse2 ss ht tm pbe syscall nx rdtscp lm constant_tsc arch_perfmon pebs bts rep_good nopl xtopology nonstop_tsc cpuid aperfmperf pni dtes64 monitor ds_cpl est tm2 ssse3 cx16 xtpr pdcm pcid popcnt lahf_lm pti retpoline dtherm arat
bugs		: cpu_meltdown spectre_v1 spectre_v2
bogomips	: 4255.90
clflush size	: 64
cache_alignment	: 64
address sizes	: 36 bits physical, 48 bits virtual
power management:

processor	: 1
vendor_id	: GenuineIntel
cpu family	: 6
model		: 37
model name	: Intel(R) Pentium(R) CPU        P6200  @ 2.13GHz
stepping	: 5
microcode	: 0x2
cpu MHz		: 2127.950
cache size	: 3072 KB
physical id	: 0
siblings	: 2
core id		: 2
cpu cores	: 2
apicid		: 4
initial apicid	: 4
fpu		: yes
fpu_exception	: yes
cpuid level	: 11
wp		: yes
flags		: fpu vme de pse tsc msr pae mce cx8 apic sep mtrr pge mca cmov pat pse36 clflush dts acpi mmx fxsr sse sse2 ss ht tm pbe syscall nx rdtscp lm constant_tsc arch_perfmon pebs bts rep_good nopl xtopology nonstop_tsc cpuid aperfmperf pni dtes64 monitor ds_cpl est tm2 ssse3 cx16 xtpr pdcm pcid popcnt lahf_lm pti retpoline dtherm arat
bugs		: cpu_meltdown spectre_v1 spectre_v2
bogomips	: 4255.90
clflush size	: 64
cache_alignment	: 64
address sizes	: 36 bits physical, 48 bits virtual
power management:



Memory: 4k page, physical 3834756k(115000k free), swap 3986428k(3947248k free)

vm_info: OpenJDK 64-Bit Server VM (25.152-b01) for linux-amd64 JRE (1.8.0_152-release-915-b01), built by "builder" with gcc 4.8.4

time: Fri May  4 00:17:43 2018
elapsed time: 19 seconds (0d 0h 0m 19s)

